<?xml version="1.0" encoding="UTF-8"?>
<testsuite xmlns:xsi="http://www.w3.org/2001/XMLSchema-instance" xsi:noNamespaceSchemaLocation="https://maven.apache.org/surefire/maven-surefire-plugin/xsd/surefire-test-report.xsd" version="3.0.2" name="se.uu.it.smbugfinder.BugPatternLoaderTest" time="0.025" tests="3" errors="0" skipped="0" failures="0">
  <properties>
    <property name="java.specification.version" value="24"/>
    <property name="sun.jnu.encoding" value="UTF-8"/>
    <property name="java.class.path" value="/Users/lixiangdong/Downloads/state-machine-bug-finder/target/test-classes:/Users/lixiangdong/Downloads/state-machine-bug-finder/target/classes:/Users/lixiangdong/.m2/repository/org/slf4j/slf4j-api/2.0.17/slf4j-api-2.0.17.jar:/Users/lixiangdong/.m2/repository/org/checkerframework/checker-qual/3.49.4/checker-qual-3.49.4.jar:/Users/lixiangdong/.m2/repository/jakarta/xml/bind/jakarta.xml.bind-api/4.0.2/jakarta.xml.bind-api-4.0.2.jar:/Users/lixiangdong/.m2/repository/jakarta/activation/jakarta.activation-api/2.1.3/jakarta.activation-api-2.1.3.jar:/Users/lixiangdong/.m2/repository/org/glassfish/jaxb/jaxb-runtime/4.0.5/jaxb-runtime-4.0.5.jar:/Users/lixiangdong/.m2/repository/org/glassfish/jaxb/jaxb-core/4.0.5/jaxb-core-4.0.5.jar:/Users/lixiangdong/.m2/repository/org/eclipse/angus/angus-activation/2.0.2/angus-activation-2.0.2.jar:/Users/lixiangdong/.m2/repository/org/glassfish/jaxb/txw2/4.0.5/txw2-4.0.5.jar:/Users/lixiangdong/.m2/repository/com/sun/istack/istack-commons-runtime/4.1.2/istack-commons-runtime-4.1.2.jar:/Users/lixiangdong/.m2/repository/ch/qos/logback/logback-core/1.5.18/logback-core-1.5.18.jar:/Users/lixiangdong/.m2/repository/ch/qos/logback/logback-classic/1.5.18/logback-classic-1.5.18.jar:/Users/lixiangdong/.m2/repository/org/apache/commons/commons-lang3/3.17.0/commons-lang3-3.17.0.jar:/Users/lixiangdong/.m2/repository/net/automatalib/automata-api/0.12.1/automata-api-0.12.1.jar:/Users/lixiangdong/.m2/repository/net/automatalib/automata-commons-settings/0.12.1/automata-commons-settings-0.12.1.jar:/Users/lixiangdong/.m2/repository/net/automatalib/automata-commons-smartcollections/0.12.1/automata-commons-smartcollections-0.12.1.jar:/Users/lixiangdong/.m2/repository/net/automatalib/automata-commons-util/0.12.1/automata-commons-util-0.12.1.jar:/Users/lixiangdong/.m2/repository/net/automatalib/automata-core/0.12.1/automata-core-0.12.1.jar:/Users/lixiangdong/.m2/repository/net/automatalib/automata-serialization-dot/0.12.1/automata-serialization-dot-0.12.1.jar:/Users/lixiangdong/.m2/repository/net/automatalib/automata-util/0.12.1/automata-util-0.12.1.jar:/Users/lixiangdong/.m2/repository/com/google/code/findbugs/jsr305/3.0.2/jsr305-3.0.2.jar:/Users/lixiangdong/.m2/repository/com/google/guava/guava/33.4.8-jre/guava-33.4.8-jre.jar:/Users/lixiangdong/.m2/repository/com/google/guava/failureaccess/1.0.3/failureaccess-1.0.3.jar:/Users/lixiangdong/.m2/repository/com/google/guava/listenablefuture/9999.0-empty-to-avoid-conflict-with-guava/listenablefuture-9999.0-empty-to-avoid-conflict-with-guava.jar:/Users/lixiangdong/.m2/repository/org/jspecify/jspecify/1.0.0/jspecify-1.0.0.jar:/Users/lixiangdong/.m2/repository/com/google/errorprone/error_prone_annotations/2.36.0/error_prone_annotations-2.36.0.jar:/Users/lixiangdong/.m2/repository/com/google/j2objc/j2objc-annotations/3.0.0/j2objc-annotations-3.0.0.jar:/Users/lixiangdong/.m2/repository/com/beust/jcommander/1.82/jcommander-1.82.jar:/Users/lixiangdong/.m2/repository/junit/junit/4.13.2/junit-4.13.2.jar:/Users/lixiangdong/.m2/repository/org/hamcrest/hamcrest-core/1.3/hamcrest-core-1.3.jar:/Users/lixiangdong/.m2/repository/org/projectlombok/lombok/1.18.38/lombok-1.18.38.jar:"/>
    <property name="java.vm.vendor" value="Homebrew"/>
    <property name="sun.arch.data.model" value="64"/>
    <property name="java.vendor.url" value="https://github.com/Homebrew/homebrew-core/issues"/>
    <property name="user.timezone" value="Asia/Shanghai"/>
    <property name="os.name" value="Mac OS X"/>
    <property name="java.vm.specification.version" value="24"/>
    <property name="sun.java.launcher" value="SUN_STANDARD"/>
    <property name="user.country" value="CN"/>
    <property name="sun.boot.library.path" value="/opt/homebrew/Cellar/openjdk/24.0.1/libexec/openjdk.jdk/Contents/Home/lib"/>
    <property name="sun.java.command" value="/Users/lixiangdong/Downloads/state-machine-bug-finder/target/surefire/surefirebooter-20250610163543839_3.jar /Users/lixiangdong/Downloads/state-machine-bug-finder/target/surefire 2025-06-10T16-35-43_331-jvmRun1 surefire-20250610163543839_1tmp surefire_0-20250610163543839_2tmp"/>
    <property name="jdk.debug" value="release"/>
    <property name="surefire.test.class.path" value="/Users/lixiangdong/Downloads/state-machine-bug-finder/target/test-classes:/Users/lixiangdong/Downloads/state-machine-bug-finder/target/classes:/Users/lixiangdong/.m2/repository/org/slf4j/slf4j-api/2.0.17/slf4j-api-2.0.17.jar:/Users/lixiangdong/.m2/repository/org/checkerframework/checker-qual/3.49.4/checker-qual-3.49.4.jar:/Users/lixiangdong/.m2/repository/jakarta/xml/bind/jakarta.xml.bind-api/4.0.2/jakarta.xml.bind-api-4.0.2.jar:/Users/lixiangdong/.m2/repository/jakarta/activation/jakarta.activation-api/2.1.3/jakarta.activation-api-2.1.3.jar:/Users/lixiangdong/.m2/repository/org/glassfish/jaxb/jaxb-runtime/4.0.5/jaxb-runtime-4.0.5.jar:/Users/lixiangdong/.m2/repository/org/glassfish/jaxb/jaxb-core/4.0.5/jaxb-core-4.0.5.jar:/Users/lixiangdong/.m2/repository/org/eclipse/angus/angus-activation/2.0.2/angus-activation-2.0.2.jar:/Users/lixiangdong/.m2/repository/org/glassfish/jaxb/txw2/4.0.5/txw2-4.0.5.jar:/Users/lixiangdong/.m2/repository/com/sun/istack/istack-commons-runtime/4.1.2/istack-commons-runtime-4.1.2.jar:/Users/lixiangdong/.m2/repository/ch/qos/logback/logback-core/1.5.18/logback-core-1.5.18.jar:/Users/lixiangdong/.m2/repository/ch/qos/logback/logback-classic/1.5.18/logback-classic-1.5.18.jar:/Users/lixiangdong/.m2/repository/org/apache/commons/commons-lang3/3.17.0/commons-lang3-3.17.0.jar:/Users/lixiangdong/.m2/repository/net/automatalib/automata-api/0.12.1/automata-api-0.12.1.jar:/Users/lixiangdong/.m2/repository/net/automatalib/automata-commons-settings/0.12.1/automata-commons-settings-0.12.1.jar:/Users/lixiangdong/.m2/repository/net/automatalib/automata-commons-smartcollections/0.12.1/automata-commons-smartcollections-0.12.1.jar:/Users/lixiangdong/.m2/repository/net/automatalib/automata-commons-util/0.12.1/automata-commons-util-0.12.1.jar:/Users/lixiangdong/.m2/repository/net/automatalib/automata-core/0.12.1/automata-core-0.12.1.jar:/Users/lixiangdong/.m2/repository/net/automatalib/automata-serialization-dot/0.12.1/automata-serialization-dot-0.12.1.jar:/Users/lixiangdong/.m2/repository/net/automatalib/automata-util/0.12.1/automata-util-0.12.1.jar:/Users/lixiangdong/.m2/repository/com/google/code/findbugs/jsr305/3.0.2/jsr305-3.0.2.jar:/Users/lixiangdong/.m2/repository/com/google/guava/guava/33.4.8-jre/guava-33.4.8-jre.jar:/Users/lixiangdong/.m2/repository/com/google/guava/failureaccess/1.0.3/failureaccess-1.0.3.jar:/Users/lixiangdong/.m2/repository/com/google/guava/listenablefuture/9999.0-empty-to-avoid-conflict-with-guava/listenablefuture-9999.0-empty-to-avoid-conflict-with-guava.jar:/Users/lixiangdong/.m2/repository/org/jspecify/jspecify/1.0.0/jspecify-1.0.0.jar:/Users/lixiangdong/.m2/repository/com/google/errorprone/error_prone_annotations/2.36.0/error_prone_annotations-2.36.0.jar:/Users/lixiangdong/.m2/repository/com/google/j2objc/j2objc-annotations/3.0.0/j2objc-annotations-3.0.0.jar:/Users/lixiangdong/.m2/repository/com/beust/jcommander/1.82/jcommander-1.82.jar:/Users/lixiangdong/.m2/repository/junit/junit/4.13.2/junit-4.13.2.jar:/Users/lixiangdong/.m2/repository/org/hamcrest/hamcrest-core/1.3/hamcrest-core-1.3.jar:/Users/lixiangdong/.m2/repository/org/projectlombok/lombok/1.18.38/lombok-1.18.38.jar:"/>
    <property name="sun.cpu.endian" value="little"/>
    <property name="user.home" value="/Users/lixiangdong"/>
    <property name="user.language" value="zh"/>
    <property name="java.specification.vendor" value="Oracle Corporation"/>
    <property name="java.version.date" value="2025-04-15"/>
    <property name="java.home" value="/opt/homebrew/Cellar/openjdk/24.0.1/libexec/openjdk.jdk/Contents/Home"/>
    <property name="file.separator" value="/"/>
    <property name="basedir" value="/Users/lixiangdong/Downloads/state-machine-bug-finder"/>
    <property name="java.vm.compressedOopsMode" value="Zero based"/>
    <property name="line.separator" value="&#10;"/>
    <property name="java.vm.specification.vendor" value="Oracle Corporation"/>
    <property name="java.specification.name" value="Java Platform API Specification"/>
    <property name="apple.awt.application.name" value="ForkedBooter"/>
    <property name="surefire.real.class.path" value="/Users/lixiangdong/Downloads/state-machine-bug-finder/target/surefire/surefirebooter-20250610163543839_3.jar"/>
    <property name="user.script" value="Hans"/>
    <property name="sun.management.compiler" value="HotSpot 64-Bit Tiered Compilers"/>
    <property name="java.runtime.version" value="24.0.1"/>
    <property name="user.name" value="lixiangdong"/>
    <property name="stdout.encoding" value="UTF-8"/>
    <property name="path.separator" value=":"/>
    <property name="os.version" value="15.5"/>
    <property name="java.runtime.name" value="OpenJDK Runtime Environment"/>
    <property name="file.encoding" value="UTF-8"/>
    <property name="java.vm.name" value="OpenJDK 64-Bit Server VM"/>
    <property name="java.vendor.version" value="Homebrew"/>
    <property name="localRepository" value="/Users/lixiangdong/.m2/repository"/>
    <property name="java.vendor.url.bug" value="https://github.com/Homebrew/homebrew-core/issues"/>
    <property name="java.io.tmpdir" value="/var/folders/03/9bq21pqx3b38w226cd8k45hc0000gn/T/"/>
    <property name="java.version" value="24.0.1"/>
    <property name="user.dir" value="/Users/lixiangdong/Downloads/state-machine-bug-finder"/>
    <property name="os.arch" value="aarch64"/>
    <property name="java.vm.specification.name" value="Java Virtual Machine Specification"/>
    <property name="native.encoding" value="UTF-8"/>
    <property name="java.library.path" value="/Users/lixiangdong/Library/Java/Extensions:/Library/Java/Extensions:/Network/Library/Java/Extensions:/System/Library/Java/Extensions:/usr/lib/java:."/>
    <property name="java.vm.info" value="mixed mode, sharing"/>
    <property name="stderr.encoding" value="UTF-8"/>
    <property name="java.vendor" value="Homebrew"/>
    <property name="java.vm.version" value="24.0.1"/>
    <property name="sun.io.unicode.encoding" value="UnicodeBig"/>
    <property name="java.class.version" value="68.0"/>
  </properties>
  <testcase name="loadClientParametricBugPatternTest" classname="se.uu.it.smbugfinder.BugPatternLoaderTest" time="0.011">
    <system-out><![CDATA[16:35:44.861 [main] INFO se.uu.it.smbugfinder.pattern.BugPatternLoader -- Loading bug patterns
16:35:44.862 [main] INFO se.uu.it.smbugfinder.pattern.BugPatternLoader -- Loading DFA at path: switching_cipher_suite.dot
16:35:44.868 [main] INFO se.uu.it.smbugfinder.pattern.BugPatternLoader -- Loading DFA at path: wrong_certificate_type.dot
16:35:44.869 [main] INFO se.uu.it.smbugfinder.pattern.BugPatternLoader -- Successfully loaded 2 bug patterns from catalogue /patterns/dtls/client/parametric/patterns.xml
16:35:44.870 [main] DEBUG se.uu.it.smbugfinder.BugPatternLoaderTest -- digraph g {

	s0 [shape="circle" label="s0"];
	s1 [shape="circle" label="s1"];
	s2 [shape="circle" label="s2"];
	s3 [shape="circle" label="s3"];
	s4 [shape="doublecircle" label="s4"];
	s5 [shape="circle" label="s5"];
	s6 [shape="circle" label="s6"];
	s0 -> s0 [label="I_APPLICATION"];
	s0 -> s0 [label="O_APPLICATION"];
	s0 -> s0 [label="I_RSA_SIGN_CERTIFICATE_REQUEST"];
	s0 -> s0 [label="I_ECDSA_SIGN_CERTIFICATE_REQUEST"];
	s0 -> s0 [label="O_RSA_CERTIFICATE"];
	s0 -> s0 [label="O_ECDSA_CERTIFICATE"];
	s0 -> s0 [label="O_CHANGE_CIPHER_SPEC"];
	s0 -> s0 [label="I_HELLO_REQUEST"];
	s0 -> s1 [label="I_PSK_SERVER_HELLO"];
	s0 -> s6 [label="I_RSA_SERVER_HELLO"];
	s1 -> s1 [label="I_APPLICATION"];
	s1 -> s1 [label="O_APPLICATION"];
	s1 -> s1 [label="I_RSA_SIGN_CERTIFICATE_REQUEST"];
	s1 -> s1 [label="I_ECDSA_SIGN_CERTIFICATE_REQUEST"];
	s1 -> s1 [label="O_RSA_CERTIFICATE"];
	s1 -> s1 [label="O_ECDSA_CERTIFICATE"];
	s1 -> s2 [label="O_CHANGE_CIPHER_SPEC"];
	s1 -> s0 [label="I_HELLO_REQUEST"];
	s1 -> s1 [label="I_PSK_SERVER_HELLO"];
	s1 -> s3 [label="I_RSA_SERVER_HELLO"];
	s2 -> s2 [label="I_APPLICATION"];
	s2 -> s2 [label="O_APPLICATION"];
	s2 -> s2 [label="I_RSA_SIGN_CERTIFICATE_REQUEST"];
	s2 -> s2 [label="I_ECDSA_SIGN_CERTIFICATE_REQUEST"];
	s2 -> s2 [label="O_RSA_CERTIFICATE"];
	s2 -> s2 [label="O_ECDSA_CERTIFICATE"];
	s2 -> s2 [label="O_CHANGE_CIPHER_SPEC"];
	s2 -> s0 [label="I_HELLO_REQUEST"];
	s2 -> s2 [label="I_PSK_SERVER_HELLO"];
	s2 -> s2 [label="I_RSA_SERVER_HELLO"];
	s3 -> s3 [label="I_APPLICATION"];
	s3 -> s4 [label="O_APPLICATION"];
	s3 -> s3 [label="I_RSA_SIGN_CERTIFICATE_REQUEST"];
	s3 -> s3 [label="I_ECDSA_SIGN_CERTIFICATE_REQUEST"];
	s3 -> s3 [label="O_RSA_CERTIFICATE"];
	s3 -> s3 [label="O_ECDSA_CERTIFICATE"];
	s3 -> s3 [label="O_CHANGE_CIPHER_SPEC"];
	s3 -> s3 [label="I_HELLO_REQUEST"];
	s3 -> s3 [label="I_PSK_SERVER_HELLO"];
	s3 -> s3 [label="I_RSA_SERVER_HELLO"];
	s4 -> s5 [label="I_APPLICATION"];
	s4 -> s5 [label="O_APPLICATION"];
	s4 -> s5 [label="I_RSA_SIGN_CERTIFICATE_REQUEST"];
	s4 -> s5 [label="I_ECDSA_SIGN_CERTIFICATE_REQUEST"];
	s4 -> s5 [label="O_RSA_CERTIFICATE"];
	s4 -> s5 [label="O_ECDSA_CERTIFICATE"];
	s4 -> s5 [label="O_CHANGE_CIPHER_SPEC"];
	s4 -> s5 [label="I_HELLO_REQUEST"];
	s4 -> s5 [label="I_PSK_SERVER_HELLO"];
	s4 -> s5 [label="I_RSA_SERVER_HELLO"];
	s5 -> s5 [label="I_APPLICATION"];
	s5 -> s5 [label="O_APPLICATION"];
	s5 -> s5 [label="I_RSA_SIGN_CERTIFICATE_REQUEST"];
	s5 -> s5 [label="I_ECDSA_SIGN_CERTIFICATE_REQUEST"];
	s5 -> s5 [label="O_RSA_CERTIFICATE"];
	s5 -> s5 [label="O_ECDSA_CERTIFICATE"];
	s5 -> s5 [label="O_CHANGE_CIPHER_SPEC"];
	s5 -> s5 [label="I_HELLO_REQUEST"];
	s5 -> s5 [label="I_PSK_SERVER_HELLO"];
	s5 -> s5 [label="I_RSA_SERVER_HELLO"];
	s6 -> s6 [label="I_APPLICATION"];
	s6 -> s6 [label="O_APPLICATION"];
	s6 -> s6 [label="I_RSA_SIGN_CERTIFICATE_REQUEST"];
	s6 -> s6 [label="I_ECDSA_SIGN_CERTIFICATE_REQUEST"];
	s6 -> s6 [label="O_RSA_CERTIFICATE"];
	s6 -> s6 [label="O_ECDSA_CERTIFICATE"];
	s6 -> s2 [label="O_CHANGE_CIPHER_SPEC"];
	s6 -> s0 [label="I_HELLO_REQUEST"];
	s6 -> s3 [label="I_PSK_SERVER_HELLO"];
	s6 -> s6 [label="I_RSA_SERVER_HELLO"];

__start0 [label="" shape="none" width="0" height="0"];
__start0 -> s0;

}

16:35:44.870 [main] DEBUG se.uu.it.smbugfinder.BugPatternLoaderTest -- digraph g {

	s0 [shape="circle" label="s0"];
	s1 [shape="circle" label="s1"];
	s2 [shape="doublecircle" label="s2"];
	s3 [shape="circle" label="s3"];
	s4 [shape="circle" label="s4"];
	s0 -> s0 [label="I_APPLICATION"];
	s0 -> s0 [label="O_APPLICATION"];
	s0 -> s1 [label="I_RSA_SIGN_CERTIFICATE_REQUEST"];
	s0 -> s4 [label="I_ECDSA_SIGN_CERTIFICATE_REQUEST"];
	s0 -> s0 [label="O_RSA_CERTIFICATE"];
	s0 -> s0 [label="O_ECDSA_CERTIFICATE"];
	s0 -> s0 [label="O_CHANGE_CIPHER_SPEC"];
	s0 -> s0 [label="I_HELLO_REQUEST"];
	s0 -> s0 [label="I_PSK_SERVER_HELLO"];
	s0 -> s0 [label="I_RSA_SERVER_HELLO"];
	s1 -> s1 [label="I_APPLICATION"];
	s1 -> s1 [label="O_APPLICATION"];
	s1 -> s1 [label="I_RSA_SIGN_CERTIFICATE_REQUEST"];
	s1 -> s1 [label="I_ECDSA_SIGN_CERTIFICATE_REQUEST"];
	s1 -> s1 [label="O_RSA_CERTIFICATE"];
	s1 -> s2 [label="O_ECDSA_CERTIFICATE"];
	s1 -> s1 [label="O_CHANGE_CIPHER_SPEC"];
	s1 -> s1 [label="I_HELLO_REQUEST"];
	s1 -> s1 [label="I_PSK_SERVER_HELLO"];
	s1 -> s1 [label="I_RSA_SERVER_HELLO"];
	s2 -> s3 [label="I_APPLICATION"];
	s2 -> s3 [label="O_APPLICATION"];
	s2 -> s3 [label="I_RSA_SIGN_CERTIFICATE_REQUEST"];
	s2 -> s3 [label="I_ECDSA_SIGN_CERTIFICATE_REQUEST"];
	s2 -> s3 [label="O_RSA_CERTIFICATE"];
	s2 -> s3 [label="O_ECDSA_CERTIFICATE"];
	s2 -> s3 [label="O_CHANGE_CIPHER_SPEC"];
	s2 -> s3 [label="I_HELLO_REQUEST"];
	s2 -> s3 [label="I_PSK_SERVER_HELLO"];
	s2 -> s3 [label="I_RSA_SERVER_HELLO"];
	s3 -> s3 [label="I_APPLICATION"];
	s3 -> s3 [label="O_APPLICATION"];
	s3 -> s3 [label="I_RSA_SIGN_CERTIFICATE_REQUEST"];
	s3 -> s3 [label="I_ECDSA_SIGN_CERTIFICATE_REQUEST"];
	s3 -> s3 [label="O_RSA_CERTIFICATE"];
	s3 -> s3 [label="O_ECDSA_CERTIFICATE"];
	s3 -> s3 [label="O_CHANGE_CIPHER_SPEC"];
	s3 -> s3 [label="I_HELLO_REQUEST"];
	s3 -> s3 [label="I_PSK_SERVER_HELLO"];
	s3 -> s3 [label="I_RSA_SERVER_HELLO"];
	s4 -> s4 [label="I_APPLICATION"];
	s4 -> s4 [label="O_APPLICATION"];
	s4 -> s4 [label="I_RSA_SIGN_CERTIFICATE_REQUEST"];
	s4 -> s4 [label="I_ECDSA_SIGN_CERTIFICATE_REQUEST"];
	s4 -> s2 [label="O_RSA_CERTIFICATE"];
	s4 -> s4 [label="O_ECDSA_CERTIFICATE"];
	s4 -> s4 [label="O_CHANGE_CIPHER_SPEC"];
	s4 -> s4 [label="I_HELLO_REQUEST"];
	s4 -> s4 [label="I_PSK_SERVER_HELLO"];
	s4 -> s4 [label="I_RSA_SERVER_HELLO"];

__start0 [label="" shape="none" width="0" height="0"];
__start0 -> s0;

}

]]></system-out>
  </testcase>
  <testcase name="loadServerParametricBugPatternTest" classname="se.uu.it.smbugfinder.BugPatternLoaderTest" time="0.004">
    <system-out><![CDATA[16:35:44.871 [main] INFO se.uu.it.smbugfinder.pattern.BugPatternLoader -- Loading bug patterns
16:35:44.871 [main] INFO se.uu.it.smbugfinder.pattern.BugPatternLoader -- Loading DFA at path: non-conforming_cookie.dot
16:35:44.874 [main] INFO se.uu.it.smbugfinder.pattern.BugPatternLoader -- Successfully loaded 1 bug patterns from catalogue /patterns/dtls/server/parametric/patterns.xml
16:35:44.874 [main] DEBUG se.uu.it.smbugfinder.BugPatternLoaderTest -- digraph g {

	s0 [shape="circle" label="s0"];
	s1 [shape="circle" label="s1"];
	s2 [shape="circle" label="s2"];
	s3 [shape="circle" label="s3"];
	s4 [shape="circle" label="s4"];
	s5 [shape="doublecircle" label="s5"];
	s6 [shape="circle" label="s6"];
	s7 [shape="circle" label="s7"];
	s8 [shape="circle" label="s8"];
	s9 [shape="circle" label="s9"];
	s10 [shape="circle" label="s10"];
	s11 [shape="circle" label="s11"];
	s0 -> s1 [label="I_ECDH_CLIENT_HELLO"];
	s0 -> s6 [label="I_DH_CLIENT_HELLO"];
	s0 -> s8 [label="I_PSK_CLIENT_HELLO"];
	s0 -> s10 [label="I_RSA_CLIENT_HELLO"];
	s0 -> s0 [label="O_HELLO_VERIFY_REQUEST"];
	s0 -> s0 [label="O_SERVER_HELLO"];
	s0 -> s0 [label="O_SERVER_HELLO_DONE"];
	s0 -> s0 [label="O_CERTIFICATE_REQUEST"];
	s1 -> s2 [label="I_ECDH_CLIENT_HELLO"];
	s1 -> s2 [label="I_DH_CLIENT_HELLO"];
	s1 -> s2 [label="I_PSK_CLIENT_HELLO"];
	s1 -> s2 [label="I_RSA_CLIENT_HELLO"];
	s1 -> s3 [label="O_HELLO_VERIFY_REQUEST"];
	s1 -> s2 [label="O_SERVER_HELLO"];
	s1 -> s2 [label="O_SERVER_HELLO_DONE"];
	s1 -> s2 [label="O_CERTIFICATE_REQUEST"];
	s2 -> s2 [label="I_ECDH_CLIENT_HELLO"];
	s2 -> s2 [label="I_DH_CLIENT_HELLO"];
	s2 -> s2 [label="I_PSK_CLIENT_HELLO"];
	s2 -> s2 [label="I_RSA_CLIENT_HELLO"];
	s2 -> s2 [label="O_HELLO_VERIFY_REQUEST"];
	s2 -> s2 [label="O_SERVER_HELLO"];
	s2 -> s2 [label="O_SERVER_HELLO_DONE"];
	s2 -> s2 [label="O_CERTIFICATE_REQUEST"];
	s3 -> s2 [label="I_ECDH_CLIENT_HELLO"];
	s3 -> s4 [label="I_DH_CLIENT_HELLO"];
	s3 -> s4 [label="I_PSK_CLIENT_HELLO"];
	s3 -> s4 [label="I_RSA_CLIENT_HELLO"];
	s3 -> s2 [label="O_HELLO_VERIFY_REQUEST"];
	s3 -> s2 [label="O_SERVER_HELLO"];
	s3 -> s2 [label="O_SERVER_HELLO_DONE"];
	s3 -> s2 [label="O_CERTIFICATE_REQUEST"];
	s4 -> s2 [label="I_ECDH_CLIENT_HELLO"];
	s4 -> s2 [label="I_DH_CLIENT_HELLO"];
	s4 -> s2 [label="I_PSK_CLIENT_HELLO"];
	s4 -> s2 [label="I_RSA_CLIENT_HELLO"];
	s4 -> s2 [label="O_HELLO_VERIFY_REQUEST"];
	s4 -> s5 [label="O_SERVER_HELLO"];
	s4 -> s2 [label="O_SERVER_HELLO_DONE"];
	s4 -> s2 [label="O_CERTIFICATE_REQUEST"];
	s5 -> s2 [label="I_ECDH_CLIENT_HELLO"];
	s5 -> s2 [label="I_DH_CLIENT_HELLO"];
	s5 -> s2 [label="I_PSK_CLIENT_HELLO"];
	s5 -> s2 [label="I_RSA_CLIENT_HELLO"];
	s5 -> s2 [label="O_HELLO_VERIFY_REQUEST"];
	s5 -> s2 [label="O_SERVER_HELLO"];
	s5 -> s2 [label="O_SERVER_HELLO_DONE"];
	s5 -> s2 [label="O_CERTIFICATE_REQUEST"];
	s6 -> s2 [label="I_ECDH_CLIENT_HELLO"];
	s6 -> s2 [label="I_DH_CLIENT_HELLO"];
	s6 -> s2 [label="I_PSK_CLIENT_HELLO"];
	s6 -> s2 [label="I_RSA_CLIENT_HELLO"];
	s6 -> s7 [label="O_HELLO_VERIFY_REQUEST"];
	s6 -> s2 [label="O_SERVER_HELLO"];
	s6 -> s2 [label="O_SERVER_HELLO_DONE"];
	s6 -> s2 [label="O_CERTIFICATE_REQUEST"];
	s7 -> s4 [label="I_ECDH_CLIENT_HELLO"];
	s7 -> s2 [label="I_DH_CLIENT_HELLO"];
	s7 -> s4 [label="I_PSK_CLIENT_HELLO"];
	s7 -> s4 [label="I_RSA_CLIENT_HELLO"];
	s7 -> s2 [label="O_HELLO_VERIFY_REQUEST"];
	s7 -> s2 [label="O_SERVER_HELLO"];
	s7 -> s2 [label="O_SERVER_HELLO_DONE"];
	s7 -> s2 [label="O_CERTIFICATE_REQUEST"];
	s8 -> s2 [label="I_ECDH_CLIENT_HELLO"];
	s8 -> s2 [label="I_DH_CLIENT_HELLO"];
	s8 -> s2 [label="I_PSK_CLIENT_HELLO"];
	s8 -> s2 [label="I_RSA_CLIENT_HELLO"];
	s8 -> s9 [label="O_HELLO_VERIFY_REQUEST"];
	s8 -> s2 [label="O_SERVER_HELLO"];
	s8 -> s2 [label="O_SERVER_HELLO_DONE"];
	s8 -> s2 [label="O_CERTIFICATE_REQUEST"];
	s9 -> s4 [label="I_ECDH_CLIENT_HELLO"];
	s9 -> s4 [label="I_DH_CLIENT_HELLO"];
	s9 -> s2 [label="I_PSK_CLIENT_HELLO"];
	s9 -> s4 [label="I_RSA_CLIENT_HELLO"];
	s9 -> s2 [label="O_HELLO_VERIFY_REQUEST"];
	s9 -> s2 [label="O_SERVER_HELLO"];
	s9 -> s2 [label="O_SERVER_HELLO_DONE"];
	s9 -> s2 [label="O_CERTIFICATE_REQUEST"];
	s10 -> s2 [label="I_ECDH_CLIENT_HELLO"];
	s10 -> s2 [label="I_DH_CLIENT_HELLO"];
	s10 -> s2 [label="I_PSK_CLIENT_HELLO"];
	s10 -> s2 [label="I_RSA_CLIENT_HELLO"];
	s10 -> s11 [label="O_HELLO_VERIFY_REQUEST"];
	s10 -> s2 [label="O_SERVER_HELLO"];
	s10 -> s2 [label="O_SERVER_HELLO_DONE"];
	s10 -> s2 [label="O_CERTIFICATE_REQUEST"];
	s11 -> s4 [label="I_ECDH_CLIENT_HELLO"];
	s11 -> s4 [label="I_DH_CLIENT_HELLO"];
	s11 -> s4 [label="I_PSK_CLIENT_HELLO"];
	s11 -> s2 [label="I_RSA_CLIENT_HELLO"];
	s11 -> s2 [label="O_HELLO_VERIFY_REQUEST"];
	s11 -> s2 [label="O_SERVER_HELLO"];
	s11 -> s2 [label="O_SERVER_HELLO_DONE"];
	s11 -> s2 [label="O_CERTIFICATE_REQUEST"];

__start0 [label="" shape="none" width="0" height="0"];
__start0 -> s0;

}

]]></system-out>
  </testcase>
  <testcase name="loadNonParametricBugPatternTest" classname="se.uu.it.smbugfinder.BugPatternLoaderTest" time="0.01">
    <system-out><![CDATA[16:35:44.874 [main] INFO se.uu.it.smbugfinder.pattern.BugPatternLoader -- Loading bug patterns
16:35:44.875 [main] INFO se.uu.it.smbugfinder.pattern.BugPatternLoader -- Loading DFA at path: early_finished.dot
16:35:44.875 [main] INFO se.uu.it.smbugfinder.pattern.BugPatternLoader -- Loading DFA at path: non-conforming_cookie.dot
16:35:44.876 [main] INFO se.uu.it.smbugfinder.pattern.BugPatternLoader -- Loading DFA at path: certificateverify-less_client_authentication.dot
16:35:44.877 [main] INFO se.uu.it.smbugfinder.pattern.BugPatternLoader -- Loading DFA at path: certificate-less_client_authentication.dot
16:35:44.877 [main] INFO se.uu.it.smbugfinder.pattern.BugPatternLoader -- Loading DFA at path: clientkeyexchange_before_certificate.dot
16:35:44.878 [main] INFO se.uu.it.smbugfinder.pattern.BugPatternLoader -- Loading DFA at path: clientkeyexchange_before_certificate.dot
16:35:44.878 [main] INFO se.uu.it.smbugfinder.pattern.BugPatternLoader -- Loading DFA at path: changecipherspec_before_certificateverify.dot
16:35:44.879 [main] INFO se.uu.it.smbugfinder.pattern.BugPatternLoader -- Loading DFA at path: continue_after_close.dot
16:35:44.879 [main] INFO se.uu.it.smbugfinder.pattern.BugPatternLoader -- Loading DFA at path: invalid_helloverifyrequest.dot
16:35:44.879 [main] INFO se.uu.it.smbugfinder.pattern.BugPatternLoader -- Loading DFA at path: finished_before_changecipherspec.dot
16:35:44.880 [main] INFO se.uu.it.smbugfinder.pattern.BugPatternLoader -- Loading DFA at path: helloverifyrequest_retransmission.dot
16:35:44.881 [main] INFO se.uu.it.smbugfinder.pattern.BugPatternLoader -- Loading DFA at path: internal_alert_on_finished.dot
16:35:44.881 [main] INFO se.uu.it.smbugfinder.pattern.BugPatternLoader -- Loading DFA at path: invalid_decrypt_error.dot
16:35:44.881 [main] INFO se.uu.it.smbugfinder.pattern.BugPatternLoader -- Loading DFA at path: invalid_finished_as_retransmission.dot
16:35:44.882 [main] INFO se.uu.it.smbugfinder.pattern.BugPatternLoader -- Loading DFA at path: invalid_helloverifyrequest.dot
16:35:44.882 [main] INFO se.uu.it.smbugfinder.pattern.BugPatternLoader -- Loading DFA at path: multiple_certificate.dot
16:35:44.883 [main] INFO se.uu.it.smbugfinder.pattern.BugPatternLoader -- Loading DFA at path: multiple_changecipherspec.dot
16:35:44.883 [main] INFO se.uu.it.smbugfinder.pattern.BugPatternLoader -- Successfully loaded 17 bug patterns from catalogue /patterns/dtls/server/patterns.xml
16:35:44.884 [main] DEBUG se.uu.it.smbugfinder.BugPatternLoaderTest -- digraph g {

	s0 [shape="circle" label="s0"];
	s1 [shape="circle" label="s1"];
	s2 [shape="doublecircle" label="s2"];
	s0 -> s0 [label="I_APPLICATION"];
	s0 -> s0 [label="O_APPLICATION"];
	s0 -> s1 [label="I_CHANGE_CIPHER_SPEC"];
	s0 -> s2 [label="O_CHANGE_CIPHER_SPEC"];
	s0 -> s0 [label="I_PSK_CLIENT_HELLO"];
	s0 -> s0 [label="I_PSK_CLIENT_KEY_EXCHANGE"];
	s0 -> s0 [label="I_FINISHED"];
	s0 -> s0 [label="O_FINISHED"];
	s0 -> s0 [label="O_SERVER_HELLO"];
	s0 -> s0 [label="O_SERVER_HELLO_DONE"];
	s0 -> s0 [label="O_CERTIFICATE_REQUEST"];
	s0 -> s0 [label="I_CERTIFICATE"];
	s0 -> s0 [label="O_HELLO_VERIFY_REQUEST"];
	s1 -> s1 [label="I_APPLICATION"];
	s1 -> s1 [label="O_APPLICATION"];
	s1 -> s1 [label="I_CHANGE_CIPHER_SPEC"];
	s1 -> s1 [label="O_CHANGE_CIPHER_SPEC"];
	s1 -> s1 [label="I_PSK_CLIENT_HELLO"];
	s1 -> s1 [label="I_PSK_CLIENT_KEY_EXCHANGE"];
	s1 -> s1 [label="I_FINISHED"];
	s1 -> s1 [label="O_FINISHED"];
	s1 -> s1 [label="O_SERVER_HELLO"];
	s1 -> s1 [label="O_SERVER_HELLO_DONE"];
	s1 -> s1 [label="O_CERTIFICATE_REQUEST"];
	s1 -> s1 [label="I_CERTIFICATE"];
	s1 -> s1 [label="O_HELLO_VERIFY_REQUEST"];
	s2 -> s1 [label="I_APPLICATION"];
	s2 -> s1 [label="O_APPLICATION"];
	s2 -> s1 [label="I_CHANGE_CIPHER_SPEC"];
	s2 -> s1 [label="O_CHANGE_CIPHER_SPEC"];
	s2 -> s1 [label="I_PSK_CLIENT_HELLO"];
	s2 -> s1 [label="I_PSK_CLIENT_KEY_EXCHANGE"];
	s2 -> s1 [label="I_FINISHED"];
	s2 -> s1 [label="O_FINISHED"];
	s2 -> s1 [label="O_SERVER_HELLO"];
	s2 -> s1 [label="O_SERVER_HELLO_DONE"];
	s2 -> s1 [label="O_CERTIFICATE_REQUEST"];
	s2 -> s1 [label="I_CERTIFICATE"];
	s2 -> s1 [label="O_HELLO_VERIFY_REQUEST"];

__start0 [label="" shape="none" width="0" height="0"];
__start0 -> s0;

}

16:35:44.884 [main] DEBUG se.uu.it.smbugfinder.BugPatternLoaderTest -- digraph g {

	s0 [shape="circle" label="s0"];
	s1 [shape="circle" label="s1"];
	s2 [shape="doublecircle" label="s2"];
	s3 [shape="circle" label="s3"];
	s0 -> s0 [label="I_APPLICATION"];
	s0 -> s0 [label="O_APPLICATION"];
	s0 -> s0 [label="I_CHANGE_CIPHER_SPEC"];
	s0 -> s0 [label="O_CHANGE_CIPHER_SPEC"];
	s0 -> s0 [label="I_PSK_CLIENT_HELLO"];
	s0 -> s0 [label="I_PSK_CLIENT_KEY_EXCHANGE"];
	s0 -> s0 [label="I_FINISHED"];
	s0 -> s0 [label="O_FINISHED"];
	s0 -> s0 [label="O_SERVER_HELLO"];
	s0 -> s0 [label="O_SERVER_HELLO_DONE"];
	s0 -> s1 [label="O_CERTIFICATE_REQUEST"];
	s0 -> s0 [label="I_CERTIFICATE"];
	s0 -> s0 [label="O_HELLO_VERIFY_REQUEST"];
	s1 -> s1 [label="I_APPLICATION"];
	s1 -> s1 [label="O_APPLICATION"];
	s1 -> s1 [label="I_CHANGE_CIPHER_SPEC"];
	s1 -> s2 [label="O_CHANGE_CIPHER_SPEC"];
	s1 -> s1 [label="I_PSK_CLIENT_HELLO"];
	s1 -> s1 [label="I_PSK_CLIENT_KEY_EXCHANGE"];
	s1 -> s1 [label="I_FINISHED"];
	s1 -> s1 [label="O_FINISHED"];
	s1 -> s0 [label="O_SERVER_HELLO"];
	s1 -> s1 [label="O_SERVER_HELLO_DONE"];
	s1 -> s1 [label="O_CERTIFICATE_REQUEST"];
	s1 -> s3 [label="I_CERTIFICATE"];
	s1 -> s1 [label="O_HELLO_VERIFY_REQUEST"];
	s2 -> s2 [label="I_APPLICATION"];
	s2 -> s2 [label="O_APPLICATION"];
	s2 -> s2 [label="I_CHANGE_CIPHER_SPEC"];
	s2 -> s2 [label="O_CHANGE_CIPHER_SPEC"];
	s2 -> s2 [label="I_PSK_CLIENT_HELLO"];
	s2 -> s2 [label="I_PSK_CLIENT_KEY_EXCHANGE"];
	s2 -> s2 [label="I_FINISHED"];
	s2 -> s2 [label="O_FINISHED"];
	s2 -> s2 [label="O_SERVER_HELLO"];
	s2 -> s2 [label="O_SERVER_HELLO_DONE"];
	s2 -> s2 [label="O_CERTIFICATE_REQUEST"];
	s2 -> s2 [label="I_CERTIFICATE"];
	s2 -> s2 [label="O_HELLO_VERIFY_REQUEST"];
	s3 -> s3 [label="I_APPLICATION"];
	s3 -> s3 [label="O_APPLICATION"];
	s3 -> s3 [label="I_CHANGE_CIPHER_SPEC"];
	s3 -> s3 [label="O_CHANGE_CIPHER_SPEC"];
	s3 -> s3 [label="I_PSK_CLIENT_HELLO"];
	s3 -> s3 [label="I_PSK_CLIENT_KEY_EXCHANGE"];
	s3 -> s3 [label="I_FINISHED"];
	s3 -> s3 [label="O_FINISHED"];
	s3 -> s3 [label="O_SERVER_HELLO"];
	s3 -> s3 [label="O_SERVER_HELLO_DONE"];
	s3 -> s3 [label="O_CERTIFICATE_REQUEST"];
	s3 -> s3 [label="I_CERTIFICATE"];
	s3 -> s3 [label="O_HELLO_VERIFY_REQUEST"];

__start0 [label="" shape="none" width="0" height="0"];
__start0 -> s0;

}

16:35:44.884 [main] DEBUG se.uu.it.smbugfinder.BugPatternLoaderTest -- digraph g {

	s0 [shape="circle" label="s0"];
	s1 [shape="circle" label="s1"];
	s2 [shape="circle" label="s2"];
	s3 [shape="doublecircle" label="s3"];
	s4 [shape="circle" label="s4"];
	s0 -> s0 [label="I_APPLICATION"];
	s0 -> s0 [label="O_APPLICATION"];
	s0 -> s1 [label="I_CHANGE_CIPHER_SPEC"];
	s0 -> s0 [label="O_CHANGE_CIPHER_SPEC"];
	s0 -> s0 [label="I_PSK_CLIENT_HELLO"];
	s0 -> s0 [label="I_PSK_CLIENT_KEY_EXCHANGE"];
	s0 -> s0 [label="I_FINISHED"];
	s0 -> s0 [label="O_FINISHED"];
	s0 -> s0 [label="O_SERVER_HELLO"];
	s0 -> s0 [label="O_SERVER_HELLO_DONE"];
	s0 -> s0 [label="O_CERTIFICATE_REQUEST"];
	s0 -> s0 [label="I_CERTIFICATE"];
	s0 -> s0 [label="O_HELLO_VERIFY_REQUEST"];
	s1 -> s1 [label="I_APPLICATION"];
	s1 -> s1 [label="O_APPLICATION"];
	s1 -> s2 [label="I_CHANGE_CIPHER_SPEC"];
	s1 -> s4 [label="O_CHANGE_CIPHER_SPEC"];
	s1 -> s1 [label="I_PSK_CLIENT_HELLO"];
	s1 -> s1 [label="I_PSK_CLIENT_KEY_EXCHANGE"];
	s1 -> s1 [label="I_FINISHED"];
	s1 -> s1 [label="O_FINISHED"];
	s1 -> s0 [label="O_SERVER_HELLO"];
	s1 -> s1 [label="O_SERVER_HELLO_DONE"];
	s1 -> s1 [label="O_CERTIFICATE_REQUEST"];
	s1 -> s1 [label="I_CERTIFICATE"];
	s1 -> s1 [label="O_HELLO_VERIFY_REQUEST"];
	s2 -> s2 [label="I_APPLICATION"];
	s2 -> s2 [label="O_APPLICATION"];
	s2 -> s2 [label="I_CHANGE_CIPHER_SPEC"];
	s2 -> s3 [label="O_CHANGE_CIPHER_SPEC"];
	s2 -> s2 [label="I_PSK_CLIENT_HELLO"];
	s2 -> s2 [label="I_PSK_CLIENT_KEY_EXCHANGE"];
	s2 -> s2 [label="I_FINISHED"];
	s2 -> s2 [label="O_FINISHED"];
	s2 -> s0 [label="O_SERVER_HELLO"];
	s2 -> s2 [label="O_SERVER_HELLO_DONE"];
	s2 -> s2 [label="O_CERTIFICATE_REQUEST"];
	s2 -> s2 [label="I_CERTIFICATE"];
	s2 -> s2 [label="O_HELLO_VERIFY_REQUEST"];
	s3 -> s3 [label="I_APPLICATION"];
	s3 -> s3 [label="O_APPLICATION"];
	s3 -> s3 [label="I_CHANGE_CIPHER_SPEC"];
	s3 -> s3 [label="O_CHANGE_CIPHER_SPEC"];
	s3 -> s3 [label="I_PSK_CLIENT_HELLO"];
	s3 -> s3 [label="I_PSK_CLIENT_KEY_EXCHANGE"];
	s3 -> s3 [label="I_FINISHED"];
	s3 -> s3 [label="O_FINISHED"];
	s3 -> s3 [label="O_SERVER_HELLO"];
	s3 -> s3 [label="O_SERVER_HELLO_DONE"];
	s3 -> s3 [label="O_CERTIFICATE_REQUEST"];
	s3 -> s3 [label="I_CERTIFICATE"];
	s3 -> s3 [label="O_HELLO_VERIFY_REQUEST"];
	s4 -> s4 [label="I_APPLICATION"];
	s4 -> s4 [label="O_APPLICATION"];
	s4 -> s4 [label="I_CHANGE_CIPHER_SPEC"];
	s4 -> s4 [label="O_CHANGE_CIPHER_SPEC"];
	s4 -> s4 [label="I_PSK_CLIENT_HELLO"];
	s4 -> s4 [label="I_PSK_CLIENT_KEY_EXCHANGE"];
	s4 -> s4 [label="I_FINISHED"];
	s4 -> s4 [label="O_FINISHED"];
	s4 -> s4 [label="O_SERVER_HELLO"];
	s4 -> s4 [label="O_SERVER_HELLO_DONE"];
	s4 -> s4 [label="O_CERTIFICATE_REQUEST"];
	s4 -> s4 [label="I_CERTIFICATE"];
	s4 -> s4 [label="O_HELLO_VERIFY_REQUEST"];

__start0 [label="" shape="none" width="0" height="0"];
__start0 -> s0;

}

]]></system-out>
  </testcase>
</testsuite>