<?xml version="1.0" encoding="UTF-8"?>
<testsuite xmlns:xsi="http://www.w3.org/2001/XMLSchema-instance" xsi:noNamespaceSchemaLocation="https://maven.apache.org/surefire/maven-surefire-plugin/xsd/surefire-test-report.xsd" version="3.0.2" name="se.uu.it.smbugfinder.bugfinding.SshBugFindingTest" time="0.395" tests="5" errors="0" skipped="0" failures="0">
  <properties>
    <property name="java.specification.version" value="24"/>
    <property name="sun.jnu.encoding" value="UTF-8"/>
    <property name="java.class.path" value="/Users/lixiangdong/Downloads/state-machine-bug-finder/target/test-classes:/Users/lixiangdong/Downloads/state-machine-bug-finder/target/classes:/Users/lixiangdong/.m2/repository/org/slf4j/slf4j-api/2.0.17/slf4j-api-2.0.17.jar:/Users/lixiangdong/.m2/repository/org/checkerframework/checker-qual/3.49.4/checker-qual-3.49.4.jar:/Users/lixiangdong/.m2/repository/jakarta/xml/bind/jakarta.xml.bind-api/4.0.2/jakarta.xml.bind-api-4.0.2.jar:/Users/lixiangdong/.m2/repository/jakarta/activation/jakarta.activation-api/2.1.3/jakarta.activation-api-2.1.3.jar:/Users/lixiangdong/.m2/repository/org/glassfish/jaxb/jaxb-runtime/4.0.5/jaxb-runtime-4.0.5.jar:/Users/lixiangdong/.m2/repository/org/glassfish/jaxb/jaxb-core/4.0.5/jaxb-core-4.0.5.jar:/Users/lixiangdong/.m2/repository/org/eclipse/angus/angus-activation/2.0.2/angus-activation-2.0.2.jar:/Users/lixiangdong/.m2/repository/org/glassfish/jaxb/txw2/4.0.5/txw2-4.0.5.jar:/Users/lixiangdong/.m2/repository/com/sun/istack/istack-commons-runtime/4.1.2/istack-commons-runtime-4.1.2.jar:/Users/lixiangdong/.m2/repository/ch/qos/logback/logback-core/1.5.18/logback-core-1.5.18.jar:/Users/lixiangdong/.m2/repository/ch/qos/logback/logback-classic/1.5.18/logback-classic-1.5.18.jar:/Users/lixiangdong/.m2/repository/org/apache/commons/commons-lang3/3.17.0/commons-lang3-3.17.0.jar:/Users/lixiangdong/.m2/repository/net/automatalib/automata-api/0.12.1/automata-api-0.12.1.jar:/Users/lixiangdong/.m2/repository/net/automatalib/automata-commons-settings/0.12.1/automata-commons-settings-0.12.1.jar:/Users/lixiangdong/.m2/repository/net/automatalib/automata-commons-smartcollections/0.12.1/automata-commons-smartcollections-0.12.1.jar:/Users/lixiangdong/.m2/repository/net/automatalib/automata-commons-util/0.12.1/automata-commons-util-0.12.1.jar:/Users/lixiangdong/.m2/repository/net/automatalib/automata-core/0.12.1/automata-core-0.12.1.jar:/Users/lixiangdong/.m2/repository/net/automatalib/automata-serialization-dot/0.12.1/automata-serialization-dot-0.12.1.jar:/Users/lixiangdong/.m2/repository/net/automatalib/automata-util/0.12.1/automata-util-0.12.1.jar:/Users/lixiangdong/.m2/repository/com/google/code/findbugs/jsr305/3.0.2/jsr305-3.0.2.jar:/Users/lixiangdong/.m2/repository/com/google/guava/guava/33.4.8-jre/guava-33.4.8-jre.jar:/Users/lixiangdong/.m2/repository/com/google/guava/failureaccess/1.0.3/failureaccess-1.0.3.jar:/Users/lixiangdong/.m2/repository/com/google/guava/listenablefuture/9999.0-empty-to-avoid-conflict-with-guava/listenablefuture-9999.0-empty-to-avoid-conflict-with-guava.jar:/Users/lixiangdong/.m2/repository/org/jspecify/jspecify/1.0.0/jspecify-1.0.0.jar:/Users/lixiangdong/.m2/repository/com/google/errorprone/error_prone_annotations/2.36.0/error_prone_annotations-2.36.0.jar:/Users/lixiangdong/.m2/repository/com/google/j2objc/j2objc-annotations/3.0.0/j2objc-annotations-3.0.0.jar:/Users/lixiangdong/.m2/repository/com/beust/jcommander/1.82/jcommander-1.82.jar:/Users/lixiangdong/.m2/repository/junit/junit/4.13.2/junit-4.13.2.jar:/Users/lixiangdong/.m2/repository/org/hamcrest/hamcrest-core/1.3/hamcrest-core-1.3.jar:/Users/lixiangdong/.m2/repository/org/projectlombok/lombok/1.18.38/lombok-1.18.38.jar:"/>
    <property name="java.vm.vendor" value="Homebrew"/>
    <property name="sun.arch.data.model" value="64"/>
    <property name="java.vendor.url" value="https://github.com/Homebrew/homebrew-core/issues"/>
    <property name="user.timezone" value="Asia/Shanghai"/>
    <property name="os.name" value="Mac OS X"/>
    <property name="java.vm.specification.version" value="24"/>
    <property name="sun.java.launcher" value="SUN_STANDARD"/>
    <property name="user.country" value="CN"/>
    <property name="sun.boot.library.path" value="/opt/homebrew/Cellar/openjdk/24.0.1/libexec/openjdk.jdk/Contents/Home/lib"/>
    <property name="sun.java.command" value="/Users/lixiangdong/Downloads/state-machine-bug-finder/target/surefire/surefirebooter-20250610163543839_3.jar /Users/lixiangdong/Downloads/state-machine-bug-finder/target/surefire 2025-06-10T16-35-43_331-jvmRun1 surefire-20250610163543839_1tmp surefire_0-20250610163543839_2tmp"/>
    <property name="jdk.debug" value="release"/>
    <property name="surefire.test.class.path" value="/Users/lixiangdong/Downloads/state-machine-bug-finder/target/test-classes:/Users/lixiangdong/Downloads/state-machine-bug-finder/target/classes:/Users/lixiangdong/.m2/repository/org/slf4j/slf4j-api/2.0.17/slf4j-api-2.0.17.jar:/Users/lixiangdong/.m2/repository/org/checkerframework/checker-qual/3.49.4/checker-qual-3.49.4.jar:/Users/lixiangdong/.m2/repository/jakarta/xml/bind/jakarta.xml.bind-api/4.0.2/jakarta.xml.bind-api-4.0.2.jar:/Users/lixiangdong/.m2/repository/jakarta/activation/jakarta.activation-api/2.1.3/jakarta.activation-api-2.1.3.jar:/Users/lixiangdong/.m2/repository/org/glassfish/jaxb/jaxb-runtime/4.0.5/jaxb-runtime-4.0.5.jar:/Users/lixiangdong/.m2/repository/org/glassfish/jaxb/jaxb-core/4.0.5/jaxb-core-4.0.5.jar:/Users/lixiangdong/.m2/repository/org/eclipse/angus/angus-activation/2.0.2/angus-activation-2.0.2.jar:/Users/lixiangdong/.m2/repository/org/glassfish/jaxb/txw2/4.0.5/txw2-4.0.5.jar:/Users/lixiangdong/.m2/repository/com/sun/istack/istack-commons-runtime/4.1.2/istack-commons-runtime-4.1.2.jar:/Users/lixiangdong/.m2/repository/ch/qos/logback/logback-core/1.5.18/logback-core-1.5.18.jar:/Users/lixiangdong/.m2/repository/ch/qos/logback/logback-classic/1.5.18/logback-classic-1.5.18.jar:/Users/lixiangdong/.m2/repository/org/apache/commons/commons-lang3/3.17.0/commons-lang3-3.17.0.jar:/Users/lixiangdong/.m2/repository/net/automatalib/automata-api/0.12.1/automata-api-0.12.1.jar:/Users/lixiangdong/.m2/repository/net/automatalib/automata-commons-settings/0.12.1/automata-commons-settings-0.12.1.jar:/Users/lixiangdong/.m2/repository/net/automatalib/automata-commons-smartcollections/0.12.1/automata-commons-smartcollections-0.12.1.jar:/Users/lixiangdong/.m2/repository/net/automatalib/automata-commons-util/0.12.1/automata-commons-util-0.12.1.jar:/Users/lixiangdong/.m2/repository/net/automatalib/automata-core/0.12.1/automata-core-0.12.1.jar:/Users/lixiangdong/.m2/repository/net/automatalib/automata-serialization-dot/0.12.1/automata-serialization-dot-0.12.1.jar:/Users/lixiangdong/.m2/repository/net/automatalib/automata-util/0.12.1/automata-util-0.12.1.jar:/Users/lixiangdong/.m2/repository/com/google/code/findbugs/jsr305/3.0.2/jsr305-3.0.2.jar:/Users/lixiangdong/.m2/repository/com/google/guava/guava/33.4.8-jre/guava-33.4.8-jre.jar:/Users/lixiangdong/.m2/repository/com/google/guava/failureaccess/1.0.3/failureaccess-1.0.3.jar:/Users/lixiangdong/.m2/repository/com/google/guava/listenablefuture/9999.0-empty-to-avoid-conflict-with-guava/listenablefuture-9999.0-empty-to-avoid-conflict-with-guava.jar:/Users/lixiangdong/.m2/repository/org/jspecify/jspecify/1.0.0/jspecify-1.0.0.jar:/Users/lixiangdong/.m2/repository/com/google/errorprone/error_prone_annotations/2.36.0/error_prone_annotations-2.36.0.jar:/Users/lixiangdong/.m2/repository/com/google/j2objc/j2objc-annotations/3.0.0/j2objc-annotations-3.0.0.jar:/Users/lixiangdong/.m2/repository/com/beust/jcommander/1.82/jcommander-1.82.jar:/Users/lixiangdong/.m2/repository/junit/junit/4.13.2/junit-4.13.2.jar:/Users/lixiangdong/.m2/repository/org/hamcrest/hamcrest-core/1.3/hamcrest-core-1.3.jar:/Users/lixiangdong/.m2/repository/org/projectlombok/lombok/1.18.38/lombok-1.18.38.jar:"/>
    <property name="sun.cpu.endian" value="little"/>
    <property name="user.home" value="/Users/lixiangdong"/>
    <property name="user.language" value="zh"/>
    <property name="java.specification.vendor" value="Oracle Corporation"/>
    <property name="java.version.date" value="2025-04-15"/>
    <property name="java.home" value="/opt/homebrew/Cellar/openjdk/24.0.1/libexec/openjdk.jdk/Contents/Home"/>
    <property name="file.separator" value="/"/>
    <property name="basedir" value="/Users/lixiangdong/Downloads/state-machine-bug-finder"/>
    <property name="java.vm.compressedOopsMode" value="Zero based"/>
    <property name="line.separator" value="&#10;"/>
    <property name="java.vm.specification.vendor" value="Oracle Corporation"/>
    <property name="java.specification.name" value="Java Platform API Specification"/>
    <property name="apple.awt.application.name" value="ForkedBooter"/>
    <property name="surefire.real.class.path" value="/Users/lixiangdong/Downloads/state-machine-bug-finder/target/surefire/surefirebooter-20250610163543839_3.jar"/>
    <property name="user.script" value="Hans"/>
    <property name="sun.management.compiler" value="HotSpot 64-Bit Tiered Compilers"/>
    <property name="java.runtime.version" value="24.0.1"/>
    <property name="user.name" value="lixiangdong"/>
    <property name="stdout.encoding" value="UTF-8"/>
    <property name="path.separator" value=":"/>
    <property name="os.version" value="15.5"/>
    <property name="java.runtime.name" value="OpenJDK Runtime Environment"/>
    <property name="file.encoding" value="UTF-8"/>
    <property name="java.vm.name" value="OpenJDK 64-Bit Server VM"/>
    <property name="java.vendor.version" value="Homebrew"/>
    <property name="localRepository" value="/Users/lixiangdong/.m2/repository"/>
    <property name="java.vendor.url.bug" value="https://github.com/Homebrew/homebrew-core/issues"/>
    <property name="java.io.tmpdir" value="/var/folders/03/9bq21pqx3b38w226cd8k45hc0000gn/T/"/>
    <property name="java.version" value="24.0.1"/>
    <property name="user.dir" value="/Users/lixiangdong/Downloads/state-machine-bug-finder"/>
    <property name="os.arch" value="aarch64"/>
    <property name="java.vm.specification.name" value="Java Virtual Machine Specification"/>
    <property name="native.encoding" value="UTF-8"/>
    <property name="java.library.path" value="/Users/lixiangdong/Library/Java/Extensions:/Library/Java/Extensions:/Network/Library/Java/Extensions:/System/Library/Java/Extensions:/usr/lib/java:."/>
    <property name="java.vm.info" value="mixed mode, sharing"/>
    <property name="stderr.encoding" value="UTF-8"/>
    <property name="java.vendor" value="Homebrew"/>
    <property name="java.vm.version" value="24.0.1"/>
    <property name="sun.io.unicode.encoding" value="UnicodeBig"/>
    <property name="java.class.version" value="68.0"/>
  </properties>
  <testcase name="testValidationFail" classname="se.uu.it.smbugfinder.bugfinding.SshBugFindingTest" time="0.128">
    <system-out><![CDATA[16:35:44.416 [main] INFO se.uu.it.smbugfinder.pattern.BugPatternLoader -- Loading bug patterns
16:35:44.418 [main] INFO se.uu.it.smbugfinder.pattern.BugPatternLoader -- Loading DFA at path: early_service_accept.dot
16:35:44.419 [main] INFO se.uu.it.smbugfinder.pattern.BugPatternLoader -- Loading DFA at path: unauthenticated_client.dot
16:35:44.420 [main] INFO se.uu.it.smbugfinder.pattern.BugPatternLoader -- Loading DFA at path: rekey_fail_before_auth.dot
16:35:44.421 [main] INFO se.uu.it.smbugfinder.pattern.BugPatternLoader -- Loading DFA at path: rekey_fail_after_auth.dot
16:35:44.422 [main] INFO se.uu.it.smbugfinder.pattern.BugPatternLoader -- Loading DFA at path: continue_after_disconnect.dot
16:35:44.422 [main] INFO se.uu.it.smbugfinder.pattern.BugPatternLoader -- Loading DFA at path: invalid_response_before_newkeys.dot
16:35:44.423 [main] INFO se.uu.it.smbugfinder.pattern.BugPatternLoader -- Loading DFA at path: invalid_sr_auth_response.dot
16:35:44.423 [main] INFO se.uu.it.smbugfinder.pattern.BugPatternLoader -- Loading DFA at path: invalid_auth_rejection_response.dot
16:35:44.424 [main] INFO se.uu.it.smbugfinder.pattern.BugPatternLoader -- Loading DFA at path: multiple_ua_success.dot
16:35:44.425 [main] INFO se.uu.it.smbugfinder.pattern.BugPatternLoader -- Loading DFA at path: unignored_auth_request_after_ua_success.dot
16:35:44.426 [main] INFO se.uu.it.smbugfinder.pattern.BugPatternLoader -- Loading DFA at path: invalid_ch_close_response.dot
16:35:44.427 [main] INFO se.uu.it.smbugfinder.pattern.BugPatternLoader -- Loading DFA at path: auth_fail_after_rekey.dot
16:35:44.428 [main] INFO se.uu.it.smbugfinder.pattern.BugPatternLoader -- Loading DFA at path: channel_open_fail_after_rekey.dot
16:35:44.429 [main] INFO se.uu.it.smbugfinder.pattern.BugPatternLoader -- Loading DFA at path: channel_request_terminal_fail_after_rekey.dot
16:35:44.430 [main] INFO se.uu.it.smbugfinder.pattern.BugPatternLoader -- Loading DFA at path: missing_newkeys.dot
16:35:44.430 [main] INFO se.uu.it.smbugfinder.pattern.BugPatternLoader -- Loading DFA at path: missing_ua_success.dot
16:35:44.431 [main] INFO se.uu.it.smbugfinder.pattern.BugPatternLoader -- Loading DFA at path: multiple_kexinit.dot
16:35:44.431 [main] INFO se.uu.it.smbugfinder.pattern.BugPatternLoader -- Loading DFA at path: missing_sr_auth.dot
16:35:44.432 [main] INFO se.uu.it.smbugfinder.pattern.BugPatternLoader -- Loading DFA at path: unresponsive_state.dot
16:35:44.432 [main] INFO se.uu.it.smbugfinder.pattern.BugPatternLoader -- Loading DFA at path: connection_layer_bug.dot
16:35:44.435 [main] INFO se.uu.it.smbugfinder.pattern.BugPatternLoader -- Loading DFA at path: transport_layer_bug.dot
16:35:44.436 [main] INFO se.uu.it.smbugfinder.pattern.BugPatternLoader -- Successfully loaded 21 bug patterns from catalogue /patterns/ssh/server/patterns.xml
16:35:44.450 [main] INFO se.uu.it.smbugfinder.StateMachineBugFinderCore -- Checking bug pattern EarlyServiceAccept
16:35:44.453 [main] INFO se.uu.it.smbugfinder.StateMachineBugFinderCore -- Checking bug pattern UnauthenticatedClient
16:35:44.458 [main] INFO se.uu.it.smbugfinder.StateMachineBugFinderCore -- Checking bug pattern RekeyFailBeforeAuth
16:35:44.461 [main] INFO se.uu.it.smbugfinder.StateMachineBugFinderCore -- Checking bug pattern RekeyFailAfterAuth
16:35:44.466 [main] INFO se.uu.it.smbugfinder.StateMachineBugFinderCore -- sutBugLanguage not empty, finding witness
16:35:44.474 [main] INFO se.uu.it.smbugfinder.StateMachineBugFinderCore -- Could not find valid witness, giving counterexample Trace: KEXINIT/KEXINIT KEX30/KEX31+NEWKEYS NEWKEYS/NO_RESP SR_AUTH/SR_ACCEPT KEXINIT/KEXINIT KEX30/KEX31+NEWKEYS UA_PK_OK/NO_CONN KEXINIT/NO_CONN 
16:35:44.474 [main] INFO se.uu.it.smbugfinder.StateMachineBugFinderCore -- Checking bug pattern ContinueAfterDisconnect
16:35:44.476 [main] INFO se.uu.it.smbugfinder.StateMachineBugFinderCore -- Checking bug pattern InvalidResponseBeforeNEWKEYS
16:35:44.479 [main] INFO se.uu.it.smbugfinder.StateMachineBugFinderCore -- Checking bug pattern InvalidSR_AUTHResponse
16:35:44.483 [main] INFO se.uu.it.smbugfinder.StateMachineBugFinderCore -- sutBugLanguage not empty, finding witness
16:35:44.488 [main] INFO se.uu.it.smbugfinder.StateMachineBugFinderCore -- Could not find valid witness, giving counterexample Trace: KEXINIT/KEXINIT NEWKEYS/UNIMPL SR_AUTH/NO_CONN SR_CONN/NO_CONN 
16:35:44.488 [main] INFO se.uu.it.smbugfinder.StateMachineBugFinderCore -- Checking bug pattern InvalidAuthenticationRejectionResponse
16:35:44.491 [main] INFO se.uu.it.smbugfinder.StateMachineBugFinderCore -- Checking bug pattern MultipleUA_SUCCESS
16:35:44.493 [main] INFO se.uu.it.smbugfinder.StateMachineBugFinderCore -- Checking bug pattern UnignoredAuthenticationRequestAfterUA_SUCCESS
16:35:44.498 [main] INFO se.uu.it.smbugfinder.StateMachineBugFinderCore -- sutBugLanguage not empty, finding witness
16:35:44.502 [main] INFO se.uu.it.smbugfinder.StateMachineBugFinderCore -- Could not find valid witness, giving counterexample Trace: KEXINIT/KEXINIT KEX30/KEX31+NEWKEYS NEWKEYS/NO_RESP SR_AUTH/SR_ACCEPT UA_PK_OK/UA_SUCCESS UA_PK_OK/NO_RESP 
16:35:44.502 [main] INFO se.uu.it.smbugfinder.StateMachineBugFinderCore -- Checking bug pattern InvalidCH_CLOSEResponse
16:35:44.506 [main] INFO se.uu.it.smbugfinder.StateMachineBugFinderCore -- Checking bug pattern AuthFailAfterRekey
16:35:44.506 [main] INFO se.uu.it.smbugfinder.StateMachineBugFinderCore -- The bug pattern Auth Fail After Rekey is an empty language when considering only the input/output labels from the SUT model. 
16:35:44.506 [main] INFO se.uu.it.smbugfinder.StateMachineBugFinderCore -- Checking bug pattern ChannelOpenFailAfterRekey
16:35:44.510 [main] INFO se.uu.it.smbugfinder.StateMachineBugFinderCore -- Checking bug pattern ChannelRequestTerminalFailAfterRekey
16:35:44.513 [main] INFO se.uu.it.smbugfinder.StateMachineBugFinderCore -- Checking bug pattern MissingNEWKEYS
16:35:44.518 [main] INFO se.uu.it.smbugfinder.StateMachineBugFinderCore -- sutBugLanguage not empty, finding witness
16:35:44.524 [main] INFO se.uu.it.smbugfinder.StateMachineBugFinderCore -- Could not find valid witness, giving counterexample Trace: KEXINIT/KEXINIT KEX30/KEX31+NEWKEYS NEWKEYS/NO_RESP SR_AUTH/SR_ACCEPT KEXINIT/KEXINIT KEX30/KEX31+NEWKEYS UA_PK_OK/NO_CONN 
16:35:44.524 [main] INFO se.uu.it.smbugfinder.StateMachineBugFinderCore -- Checking bug pattern MissingUA_SUCCESS
16:35:44.526 [main] INFO se.uu.it.smbugfinder.StateMachineBugFinderCore -- Checking bug pattern MultipleKEXINIT
16:35:44.528 [main] INFO se.uu.it.smbugfinder.StateMachineBugFinderCore -- Checking bug pattern MissingSR_AUTH
16:35:44.530 [main] INFO se.uu.it.smbugfinder.StateMachineBugFinderCore -- Checking bug pattern UnresponsiveState
16:35:44.533 [main] INFO se.uu.it.smbugfinder.StateMachineBugFinderCore -- sutBugLanguage not empty, finding witness
16:35:44.538 [main] INFO se.uu.it.smbugfinder.StateMachineBugFinderCore -- Could not find valid witness, giving counterexample Trace: KEXINIT/KEXINIT NEWKEYS/UNIMPL KEXINIT/NO_CONN SR_CONN/NO_CONN KEXINIT/NO_CONN SR_CONN/NO_CONN 
16:35:44.538 [main] INFO se.uu.it.smbugfinder.StateMachineBugFinderCore -- Checking bug pattern ConnectionLayerBug
16:35:44.544 [main] INFO se.uu.it.smbugfinder.StateMachineBugFinderCore -- Sequences generated: 0
16:35:44.544 [main] INFO se.uu.it.smbugfinder.StateMachineBugFinderCore -- Uncategorized sequences generated: 0
16:35:44.544 [main] INFO se.uu.it.smbugfinder.StateMachineBugFinderCore -- Categorizing bug patterns (0): []
16:35:44.544 [main] INFO se.uu.it.smbugfinder.StateMachineBugFinderCore -- Checking bug pattern TransportLayerBug
16:35:44.548 [main] INFO se.uu.it.smbugfinder.StateMachineBugFinderCore -- Sequences generated: 8
16:35:44.548 [main] INFO se.uu.it.smbugfinder.StateMachineBugFinderCore -- Uncategorized sequences generated: 8
16:35:44.548 [main] INFO se.uu.it.smbugfinder.StateMachineBugFinderCore -- Categorizing bug patterns (0): []
]]></system-out>
  </testcase>
  <testcase name="testValidationPass" classname="se.uu.it.smbugfinder.bugfinding.SshBugFindingTest" time="0.046">
    <system-out><![CDATA[16:35:44.550 [main] INFO se.uu.it.smbugfinder.pattern.BugPatternLoader -- Loading bug patterns
16:35:44.551 [main] INFO se.uu.it.smbugfinder.pattern.BugPatternLoader -- Loading DFA at path: early_service_accept.dot
16:35:44.552 [main] INFO se.uu.it.smbugfinder.pattern.BugPatternLoader -- Loading DFA at path: unauthenticated_client.dot
16:35:44.553 [main] INFO se.uu.it.smbugfinder.pattern.BugPatternLoader -- Loading DFA at path: rekey_fail_before_auth.dot
16:35:44.553 [main] INFO se.uu.it.smbugfinder.pattern.BugPatternLoader -- Loading DFA at path: rekey_fail_after_auth.dot
16:35:44.554 [main] INFO se.uu.it.smbugfinder.pattern.BugPatternLoader -- Loading DFA at path: continue_after_disconnect.dot
16:35:44.554 [main] INFO se.uu.it.smbugfinder.pattern.BugPatternLoader -- Loading DFA at path: invalid_response_before_newkeys.dot
16:35:44.555 [main] INFO se.uu.it.smbugfinder.pattern.BugPatternLoader -- Loading DFA at path: invalid_sr_auth_response.dot
16:35:44.555 [main] INFO se.uu.it.smbugfinder.pattern.BugPatternLoader -- Loading DFA at path: invalid_auth_rejection_response.dot
16:35:44.556 [main] INFO se.uu.it.smbugfinder.pattern.BugPatternLoader -- Loading DFA at path: multiple_ua_success.dot
16:35:44.556 [main] INFO se.uu.it.smbugfinder.pattern.BugPatternLoader -- Loading DFA at path: unignored_auth_request_after_ua_success.dot
16:35:44.557 [main] INFO se.uu.it.smbugfinder.pattern.BugPatternLoader -- Loading DFA at path: invalid_ch_close_response.dot
16:35:44.557 [main] INFO se.uu.it.smbugfinder.pattern.BugPatternLoader -- Loading DFA at path: auth_fail_after_rekey.dot
16:35:44.558 [main] INFO se.uu.it.smbugfinder.pattern.BugPatternLoader -- Loading DFA at path: channel_open_fail_after_rekey.dot
16:35:44.558 [main] INFO se.uu.it.smbugfinder.pattern.BugPatternLoader -- Loading DFA at path: channel_request_terminal_fail_after_rekey.dot
16:35:44.559 [main] INFO se.uu.it.smbugfinder.pattern.BugPatternLoader -- Loading DFA at path: missing_newkeys.dot
16:35:44.559 [main] INFO se.uu.it.smbugfinder.pattern.BugPatternLoader -- Loading DFA at path: missing_ua_success.dot
16:35:44.560 [main] INFO se.uu.it.smbugfinder.pattern.BugPatternLoader -- Loading DFA at path: multiple_kexinit.dot
16:35:44.560 [main] INFO se.uu.it.smbugfinder.pattern.BugPatternLoader -- Loading DFA at path: missing_sr_auth.dot
16:35:44.560 [main] INFO se.uu.it.smbugfinder.pattern.BugPatternLoader -- Loading DFA at path: unresponsive_state.dot
16:35:44.560 [main] INFO se.uu.it.smbugfinder.pattern.BugPatternLoader -- Loading DFA at path: connection_layer_bug.dot
16:35:44.562 [main] INFO se.uu.it.smbugfinder.pattern.BugPatternLoader -- Loading DFA at path: transport_layer_bug.dot
16:35:44.563 [main] INFO se.uu.it.smbugfinder.pattern.BugPatternLoader -- Successfully loaded 21 bug patterns from catalogue /patterns/ssh/server/patterns.xml
16:35:44.569 [main] INFO se.uu.it.smbugfinder.StateMachineBugFinderCore -- Checking bug pattern EarlyServiceAccept
16:35:44.570 [main] INFO se.uu.it.smbugfinder.StateMachineBugFinderCore -- Checking bug pattern UnauthenticatedClient
16:35:44.571 [main] INFO se.uu.it.smbugfinder.StateMachineBugFinderCore -- Checking bug pattern RekeyFailBeforeAuth
16:35:44.572 [main] INFO se.uu.it.smbugfinder.StateMachineBugFinderCore -- Checking bug pattern RekeyFailAfterAuth
16:35:44.573 [main] INFO se.uu.it.smbugfinder.StateMachineBugFinderCore -- Checking bug pattern ContinueAfterDisconnect
16:35:44.573 [main] INFO se.uu.it.smbugfinder.StateMachineBugFinderCore -- The bug pattern Continue After Disconnect is an empty language when considering only the input/output labels from the SUT model. 
16:35:44.573 [main] INFO se.uu.it.smbugfinder.StateMachineBugFinderCore -- Checking bug pattern InvalidResponseBeforeNEWKEYS
16:35:44.575 [main] INFO se.uu.it.smbugfinder.StateMachineBugFinderCore -- Checking bug pattern InvalidSR_AUTHResponse
16:35:44.575 [main] INFO se.uu.it.smbugfinder.StateMachineBugFinderCore -- Checking bug pattern InvalidAuthenticationRejectionResponse
16:35:44.577 [main] INFO se.uu.it.smbugfinder.StateMachineBugFinderCore -- Checking bug pattern MultipleUA_SUCCESS
16:35:44.577 [main] INFO se.uu.it.smbugfinder.StateMachineBugFinderCore -- Checking bug pattern UnignoredAuthenticationRequestAfterUA_SUCCESS
16:35:44.578 [main] INFO se.uu.it.smbugfinder.StateMachineBugFinderCore -- Checking bug pattern InvalidCH_CLOSEResponse
16:35:44.580 [main] INFO se.uu.it.smbugfinder.StateMachineBugFinderCore -- sutBugLanguage not empty, finding witness
16:35:44.581 [main] INFO se.uu.it.smbugfinder.StateMachineBugFinderCore -- Found valid witness Trace: KEXINIT/KEXINIT KEX30/KEX31+NEWKEYS NEWKEYS/NO_RESP UA_PK_OK/UA_SUCCESS CH_OPEN/CH_OPEN_SUCCESS CH_CLOSE/CH_EOF 
16:35:44.581 [main] INFO se.uu.it.smbugfinder.StateMachineBugFinderCore -- Checking bug pattern AuthFailAfterRekey
16:35:44.581 [main] INFO se.uu.it.smbugfinder.StateMachineBugFinderCore -- The bug pattern Auth Fail After Rekey is an empty language when considering only the input/output labels from the SUT model. 
16:35:44.581 [main] INFO se.uu.it.smbugfinder.StateMachineBugFinderCore -- Checking bug pattern ChannelOpenFailAfterRekey
16:35:44.582 [main] INFO se.uu.it.smbugfinder.StateMachineBugFinderCore -- Checking bug pattern ChannelRequestTerminalFailAfterRekey
16:35:44.583 [main] INFO se.uu.it.smbugfinder.StateMachineBugFinderCore -- Checking bug pattern MissingNEWKEYS
16:35:44.584 [main] INFO se.uu.it.smbugfinder.StateMachineBugFinderCore -- Checking bug pattern MissingUA_SUCCESS
16:35:44.585 [main] INFO se.uu.it.smbugfinder.StateMachineBugFinderCore -- Checking bug pattern MultipleKEXINIT
16:35:44.586 [main] INFO se.uu.it.smbugfinder.StateMachineBugFinderCore -- Checking bug pattern MissingSR_AUTH
16:35:44.588 [main] INFO se.uu.it.smbugfinder.StateMachineBugFinderCore -- sutBugLanguage not empty, finding witness
16:35:44.589 [main] INFO se.uu.it.smbugfinder.StateMachineBugFinderCore -- Found valid witness Trace: KEXINIT/KEXINIT KEX30/KEX31+NEWKEYS NEWKEYS/NO_RESP UA_PK_OK/UA_SUCCESS 
16:35:44.589 [main] INFO se.uu.it.smbugfinder.StateMachineBugFinderCore -- Checking bug pattern UnresponsiveState
16:35:44.590 [main] INFO se.uu.it.smbugfinder.StateMachineBugFinderCore -- Checking bug pattern ConnectionLayerBug
16:35:44.593 [main] INFO se.uu.it.smbugfinder.StateMachineBugFinderCore -- Sequences generated: 6
16:35:44.593 [main] INFO se.uu.it.smbugfinder.StateMachineBugFinderCore -- Uncategorized sequences generated: 0
16:35:44.593 [main] INFO se.uu.it.smbugfinder.StateMachineBugFinderCore -- Categorizing bug patterns (2): [BugPattern [name=Invalid CH_CLOSE Response], BugPattern [name=Missing SR_AUTH]]
16:35:44.593 [main] INFO se.uu.it.smbugfinder.StateMachineBugFinderCore -- Checking bug pattern TransportLayerBug
16:35:44.594 [main] INFO se.uu.it.smbugfinder.StateMachineBugFinderCore -- Sequences generated: 2
16:35:44.594 [main] INFO se.uu.it.smbugfinder.StateMachineBugFinderCore -- Uncategorized sequences generated: 0
16:35:44.594 [main] INFO se.uu.it.smbugfinder.StateMachineBugFinderCore -- Categorizing bug patterns (1): [BugPattern [name=Missing SR_AUTH]]
]]></system-out>
  </testcase>
  <testcase name="testDropbearServer" classname="se.uu.it.smbugfinder.bugfinding.SshBugFindingTest" time="0.044">
    <system-out><![CDATA[16:35:44.596 [main] INFO se.uu.it.smbugfinder.pattern.BugPatternLoader -- Loading bug patterns
16:35:44.597 [main] INFO se.uu.it.smbugfinder.pattern.BugPatternLoader -- Loading DFA at path: early_service_accept.dot
16:35:44.600 [main] INFO se.uu.it.smbugfinder.pattern.BugPatternLoader -- Loading DFA at path: unauthenticated_client.dot
16:35:44.600 [main] INFO se.uu.it.smbugfinder.pattern.BugPatternLoader -- Loading DFA at path: rekey_fail_before_auth.dot
16:35:44.601 [main] INFO se.uu.it.smbugfinder.pattern.BugPatternLoader -- Loading DFA at path: rekey_fail_after_auth.dot
16:35:44.601 [main] INFO se.uu.it.smbugfinder.pattern.BugPatternLoader -- Loading DFA at path: continue_after_disconnect.dot
16:35:44.601 [main] INFO se.uu.it.smbugfinder.pattern.BugPatternLoader -- Loading DFA at path: invalid_response_before_newkeys.dot
16:35:44.602 [main] INFO se.uu.it.smbugfinder.pattern.BugPatternLoader -- Loading DFA at path: invalid_sr_auth_response.dot
16:35:44.602 [main] INFO se.uu.it.smbugfinder.pattern.BugPatternLoader -- Loading DFA at path: invalid_auth_rejection_response.dot
16:35:44.602 [main] INFO se.uu.it.smbugfinder.pattern.BugPatternLoader -- Loading DFA at path: multiple_ua_success.dot
16:35:44.603 [main] INFO se.uu.it.smbugfinder.pattern.BugPatternLoader -- Loading DFA at path: unignored_auth_request_after_ua_success.dot
16:35:44.603 [main] INFO se.uu.it.smbugfinder.pattern.BugPatternLoader -- Loading DFA at path: invalid_ch_close_response.dot
16:35:44.603 [main] INFO se.uu.it.smbugfinder.pattern.BugPatternLoader -- Loading DFA at path: auth_fail_after_rekey.dot
16:35:44.604 [main] INFO se.uu.it.smbugfinder.pattern.BugPatternLoader -- Loading DFA at path: channel_open_fail_after_rekey.dot
16:35:44.604 [main] INFO se.uu.it.smbugfinder.pattern.BugPatternLoader -- Loading DFA at path: channel_request_terminal_fail_after_rekey.dot
16:35:44.605 [main] INFO se.uu.it.smbugfinder.pattern.BugPatternLoader -- Loading DFA at path: missing_newkeys.dot
16:35:44.605 [main] INFO se.uu.it.smbugfinder.pattern.BugPatternLoader -- Loading DFA at path: missing_ua_success.dot
16:35:44.605 [main] INFO se.uu.it.smbugfinder.pattern.BugPatternLoader -- Loading DFA at path: multiple_kexinit.dot
16:35:44.606 [main] INFO se.uu.it.smbugfinder.pattern.BugPatternLoader -- Loading DFA at path: missing_sr_auth.dot
16:35:44.606 [main] INFO se.uu.it.smbugfinder.pattern.BugPatternLoader -- Loading DFA at path: unresponsive_state.dot
16:35:44.606 [main] INFO se.uu.it.smbugfinder.pattern.BugPatternLoader -- Loading DFA at path: connection_layer_bug.dot
16:35:44.607 [main] INFO se.uu.it.smbugfinder.pattern.BugPatternLoader -- Loading DFA at path: transport_layer_bug.dot
16:35:44.608 [main] INFO se.uu.it.smbugfinder.pattern.BugPatternLoader -- Successfully loaded 21 bug patterns from catalogue /patterns/ssh/server/patterns.xml
16:35:44.612 [main] INFO se.uu.it.smbugfinder.StateMachineBugFinderCore -- Checking bug pattern EarlyServiceAccept
16:35:44.613 [main] INFO se.uu.it.smbugfinder.StateMachineBugFinderCore -- Checking bug pattern UnauthenticatedClient
16:35:44.614 [main] INFO se.uu.it.smbugfinder.StateMachineBugFinderCore -- Checking bug pattern RekeyFailBeforeAuth
16:35:44.616 [main] INFO se.uu.it.smbugfinder.StateMachineBugFinderCore -- Checking bug pattern RekeyFailAfterAuth
16:35:44.617 [main] INFO se.uu.it.smbugfinder.StateMachineBugFinderCore -- Checking bug pattern ContinueAfterDisconnect
16:35:44.617 [main] INFO se.uu.it.smbugfinder.StateMachineBugFinderCore -- The bug pattern Continue After Disconnect is an empty language when considering only the input/output labels from the SUT model. 
16:35:44.617 [main] INFO se.uu.it.smbugfinder.StateMachineBugFinderCore -- Checking bug pattern InvalidResponseBeforeNEWKEYS
16:35:44.618 [main] INFO se.uu.it.smbugfinder.StateMachineBugFinderCore -- Checking bug pattern InvalidSR_AUTHResponse
16:35:44.619 [main] INFO se.uu.it.smbugfinder.StateMachineBugFinderCore -- Checking bug pattern InvalidAuthenticationRejectionResponse
16:35:44.620 [main] INFO se.uu.it.smbugfinder.StateMachineBugFinderCore -- Checking bug pattern MultipleUA_SUCCESS
16:35:44.621 [main] INFO se.uu.it.smbugfinder.StateMachineBugFinderCore -- Checking bug pattern UnignoredAuthenticationRequestAfterUA_SUCCESS
16:35:44.622 [main] INFO se.uu.it.smbugfinder.StateMachineBugFinderCore -- Checking bug pattern InvalidCH_CLOSEResponse
16:35:44.624 [main] INFO se.uu.it.smbugfinder.StateMachineBugFinderCore -- sutBugLanguage not empty, finding witness
16:35:44.624 [main] INFO se.uu.it.smbugfinder.StateMachineBugFinderCore -- Found witness Trace: KEXINIT/KEXINIT KEX30/KEX31+NEWKEYS NEWKEYS/NO_RESP UA_PK_OK/UA_SUCCESS CH_OPEN/CH_OPEN_SUCCESS CH_CLOSE/CH_EOF 
16:35:44.624 [main] INFO se.uu.it.smbugfinder.StateMachineBugFinderCore -- Checking bug pattern AuthFailAfterRekey
16:35:44.624 [main] INFO se.uu.it.smbugfinder.StateMachineBugFinderCore -- The bug pattern Auth Fail After Rekey is an empty language when considering only the input/output labels from the SUT model. 
16:35:44.625 [main] INFO se.uu.it.smbugfinder.StateMachineBugFinderCore -- Checking bug pattern ChannelOpenFailAfterRekey
16:35:44.625 [main] INFO se.uu.it.smbugfinder.StateMachineBugFinderCore -- Checking bug pattern ChannelRequestTerminalFailAfterRekey
16:35:44.626 [main] INFO se.uu.it.smbugfinder.StateMachineBugFinderCore -- Checking bug pattern MissingNEWKEYS
16:35:44.628 [main] INFO se.uu.it.smbugfinder.StateMachineBugFinderCore -- Checking bug pattern MissingUA_SUCCESS
16:35:44.629 [main] INFO se.uu.it.smbugfinder.StateMachineBugFinderCore -- Checking bug pattern MultipleKEXINIT
16:35:44.630 [main] INFO se.uu.it.smbugfinder.StateMachineBugFinderCore -- Checking bug pattern MissingSR_AUTH
16:35:44.632 [main] INFO se.uu.it.smbugfinder.StateMachineBugFinderCore -- sutBugLanguage not empty, finding witness
16:35:44.633 [main] INFO se.uu.it.smbugfinder.StateMachineBugFinderCore -- Found witness Trace: KEXINIT/KEXINIT KEX30/KEX31+NEWKEYS NEWKEYS/NO_RESP UA_PK_OK/UA_SUCCESS 
16:35:44.633 [main] INFO se.uu.it.smbugfinder.StateMachineBugFinderCore -- Checking bug pattern UnresponsiveState
16:35:44.633 [main] INFO se.uu.it.smbugfinder.StateMachineBugFinderCore -- Checking bug pattern ConnectionLayerBug
16:35:44.636 [main] INFO se.uu.it.smbugfinder.StateMachineBugFinderCore -- Sequences generated: 6
16:35:44.636 [main] INFO se.uu.it.smbugfinder.StateMachineBugFinderCore -- Uncategorized sequences generated: 0
16:35:44.636 [main] INFO se.uu.it.smbugfinder.StateMachineBugFinderCore -- Categorizing bug patterns (2): [BugPattern [name=Invalid CH_CLOSE Response], BugPattern [name=Missing SR_AUTH]]
16:35:44.637 [main] INFO se.uu.it.smbugfinder.StateMachineBugFinderCore -- Checking bug pattern TransportLayerBug
16:35:44.638 [main] INFO se.uu.it.smbugfinder.StateMachineBugFinderCore -- Sequences generated: 2
16:35:44.638 [main] INFO se.uu.it.smbugfinder.StateMachineBugFinderCore -- Uncategorized sequences generated: 0
16:35:44.638 [main] INFO se.uu.it.smbugfinder.StateMachineBugFinderCore -- Categorizing bug patterns (1): [BugPattern [name=Missing SR_AUTH]]
]]></system-out>
  </testcase>
  <testcase name="testOpenSSHServer" classname="se.uu.it.smbugfinder.bugfinding.SshBugFindingTest" time="0.084">
    <system-out><![CDATA[16:35:44.641 [main] INFO se.uu.it.smbugfinder.pattern.BugPatternLoader -- Loading bug patterns
16:35:44.642 [main] INFO se.uu.it.smbugfinder.pattern.BugPatternLoader -- Loading DFA at path: early_service_accept.dot
16:35:44.643 [main] INFO se.uu.it.smbugfinder.pattern.BugPatternLoader -- Loading DFA at path: unauthenticated_client.dot
16:35:44.644 [main] INFO se.uu.it.smbugfinder.pattern.BugPatternLoader -- Loading DFA at path: rekey_fail_before_auth.dot
16:35:44.644 [main] INFO se.uu.it.smbugfinder.pattern.BugPatternLoader -- Loading DFA at path: rekey_fail_after_auth.dot
16:35:44.645 [main] INFO se.uu.it.smbugfinder.pattern.BugPatternLoader -- Loading DFA at path: continue_after_disconnect.dot
16:35:44.645 [main] INFO se.uu.it.smbugfinder.pattern.BugPatternLoader -- Loading DFA at path: invalid_response_before_newkeys.dot
16:35:44.645 [main] INFO se.uu.it.smbugfinder.pattern.BugPatternLoader -- Loading DFA at path: invalid_sr_auth_response.dot
16:35:44.646 [main] INFO se.uu.it.smbugfinder.pattern.BugPatternLoader -- Loading DFA at path: invalid_auth_rejection_response.dot
16:35:44.646 [main] INFO se.uu.it.smbugfinder.pattern.BugPatternLoader -- Loading DFA at path: multiple_ua_success.dot
16:35:44.646 [main] INFO se.uu.it.smbugfinder.pattern.BugPatternLoader -- Loading DFA at path: unignored_auth_request_after_ua_success.dot
16:35:44.647 [main] INFO se.uu.it.smbugfinder.pattern.BugPatternLoader -- Loading DFA at path: invalid_ch_close_response.dot
16:35:44.647 [main] INFO se.uu.it.smbugfinder.pattern.BugPatternLoader -- Loading DFA at path: auth_fail_after_rekey.dot
16:35:44.648 [main] INFO se.uu.it.smbugfinder.pattern.BugPatternLoader -- Loading DFA at path: channel_open_fail_after_rekey.dot
16:35:44.648 [main] INFO se.uu.it.smbugfinder.pattern.BugPatternLoader -- Loading DFA at path: channel_request_terminal_fail_after_rekey.dot
16:35:44.649 [main] INFO se.uu.it.smbugfinder.pattern.BugPatternLoader -- Loading DFA at path: missing_newkeys.dot
16:35:44.649 [main] INFO se.uu.it.smbugfinder.pattern.BugPatternLoader -- Loading DFA at path: missing_ua_success.dot
16:35:44.650 [main] INFO se.uu.it.smbugfinder.pattern.BugPatternLoader -- Loading DFA at path: multiple_kexinit.dot
16:35:44.650 [main] INFO se.uu.it.smbugfinder.pattern.BugPatternLoader -- Loading DFA at path: missing_sr_auth.dot
16:35:44.650 [main] INFO se.uu.it.smbugfinder.pattern.BugPatternLoader -- Loading DFA at path: unresponsive_state.dot
16:35:44.651 [main] INFO se.uu.it.smbugfinder.pattern.BugPatternLoader -- Loading DFA at path: connection_layer_bug.dot
16:35:44.652 [main] INFO se.uu.it.smbugfinder.pattern.BugPatternLoader -- Loading DFA at path: transport_layer_bug.dot
16:35:44.653 [main] INFO se.uu.it.smbugfinder.pattern.BugPatternLoader -- Successfully loaded 21 bug patterns from catalogue /patterns/ssh/server/patterns.xml
16:35:44.663 [main] INFO se.uu.it.smbugfinder.StateMachineBugFinderCore -- Checking bug pattern EarlyServiceAccept
16:35:44.665 [main] INFO se.uu.it.smbugfinder.StateMachineBugFinderCore -- Checking bug pattern UnauthenticatedClient
16:35:44.668 [main] INFO se.uu.it.smbugfinder.StateMachineBugFinderCore -- Checking bug pattern RekeyFailBeforeAuth
16:35:44.671 [main] INFO se.uu.it.smbugfinder.StateMachineBugFinderCore -- sutBugLanguage not empty, finding witness
16:35:44.671 [main] INFO se.uu.it.smbugfinder.StateMachineBugFinderCore -- Found witness Trace: KEXINIT/KEXINIT KEX30/KEX31+NEWKEYS NEWKEYS/NO_RESP SR_AUTH/SR_ACCEPT KEXINIT/UNIMPL 
16:35:44.671 [main] INFO se.uu.it.smbugfinder.StateMachineBugFinderCore -- Checking bug pattern RekeyFailAfterAuth
16:35:44.673 [main] INFO se.uu.it.smbugfinder.StateMachineBugFinderCore -- Checking bug pattern ContinueAfterDisconnect
16:35:44.675 [main] INFO se.uu.it.smbugfinder.StateMachineBugFinderCore -- Checking bug pattern InvalidResponseBeforeNEWKEYS
16:35:44.678 [main] INFO se.uu.it.smbugfinder.StateMachineBugFinderCore -- Checking bug pattern InvalidSR_AUTHResponse
16:35:44.682 [main] INFO se.uu.it.smbugfinder.StateMachineBugFinderCore -- sutBugLanguage not empty, finding witness
16:35:44.685 [main] INFO se.uu.it.smbugfinder.StateMachineBugFinderCore -- Found witness Trace: KEXINIT/KEXINIT SR_AUTH/UNIMPL 
16:35:44.685 [main] INFO se.uu.it.smbugfinder.StateMachineBugFinderCore -- Checking bug pattern InvalidAuthenticationRejectionResponse
16:35:44.687 [main] INFO se.uu.it.smbugfinder.StateMachineBugFinderCore -- Checking bug pattern MultipleUA_SUCCESS
16:35:44.688 [main] INFO se.uu.it.smbugfinder.StateMachineBugFinderCore -- Checking bug pattern UnignoredAuthenticationRequestAfterUA_SUCCESS
16:35:44.691 [main] INFO se.uu.it.smbugfinder.StateMachineBugFinderCore -- sutBugLanguage not empty, finding witness
16:35:44.693 [main] INFO se.uu.it.smbugfinder.StateMachineBugFinderCore -- Found witness Trace: KEXINIT/KEXINIT KEX30/KEX31+NEWKEYS NEWKEYS/NO_RESP SR_AUTH/SR_ACCEPT UA_PK_OK/UA_SUCCESS+GLOBAL_REQUEST UA_PK_OK/UNIMPL 
16:35:44.693 [main] INFO se.uu.it.smbugfinder.StateMachineBugFinderCore -- Checking bug pattern InvalidCH_CLOSEResponse
16:35:44.697 [main] INFO se.uu.it.smbugfinder.StateMachineBugFinderCore -- sutBugLanguage not empty, finding witness
16:35:44.699 [main] INFO se.uu.it.smbugfinder.StateMachineBugFinderCore -- Found witness Trace: KEXINIT/KEXINIT KEX30/KEX31+NEWKEYS NEWKEYS/NO_RESP SR_AUTH/SR_ACCEPT UA_PK_OK/UA_SUCCESS+GLOBAL_REQUEST KEXINIT/KEXINIT KEX30/KEX31+NEWKEYS CH_OPEN/CH_OPEN_SUCCESS CH_CLOSE/NO_RESP SR_CONN/NO_RESP 
16:35:44.699 [main] INFO se.uu.it.smbugfinder.StateMachineBugFinderCore -- Checking bug pattern AuthFailAfterRekey
16:35:44.699 [main] INFO se.uu.it.smbugfinder.StateMachineBugFinderCore -- The bug pattern Auth Fail After Rekey is an empty language when considering only the input/output labels from the SUT model. 
16:35:44.700 [main] INFO se.uu.it.smbugfinder.StateMachineBugFinderCore -- Checking bug pattern ChannelOpenFailAfterRekey
16:35:44.702 [main] INFO se.uu.it.smbugfinder.StateMachineBugFinderCore -- Checking bug pattern ChannelRequestTerminalFailAfterRekey
16:35:44.705 [main] INFO se.uu.it.smbugfinder.StateMachineBugFinderCore -- Checking bug pattern MissingNEWKEYS
16:35:44.708 [main] INFO se.uu.it.smbugfinder.StateMachineBugFinderCore -- sutBugLanguage not empty, finding witness
16:35:44.711 [main] INFO se.uu.it.smbugfinder.StateMachineBugFinderCore -- Found witness Trace: KEXINIT/KEXINIT KEX30/KEX31+NEWKEYS NEWKEYS/NO_RESP SR_AUTH/SR_ACCEPT UA_PK_OK/UA_SUCCESS+GLOBAL_REQUEST KEXINIT/KEXINIT KEX30/KEX31+NEWKEYS CH_OPEN/CH_OPEN_SUCCESS 
16:35:44.711 [main] INFO se.uu.it.smbugfinder.StateMachineBugFinderCore -- Checking bug pattern MissingUA_SUCCESS
16:35:44.712 [main] INFO se.uu.it.smbugfinder.StateMachineBugFinderCore -- Checking bug pattern MultipleKEXINIT
16:35:44.714 [main] INFO se.uu.it.smbugfinder.StateMachineBugFinderCore -- Checking bug pattern MissingSR_AUTH
16:35:44.716 [main] INFO se.uu.it.smbugfinder.StateMachineBugFinderCore -- Checking bug pattern UnresponsiveState
16:35:44.718 [main] INFO se.uu.it.smbugfinder.StateMachineBugFinderCore -- Checking bug pattern ConnectionLayerBug
16:35:44.720 [main] INFO se.uu.it.smbugfinder.StateMachineBugFinderCore -- Sequences generated: 0
16:35:44.720 [main] INFO se.uu.it.smbugfinder.StateMachineBugFinderCore -- Uncategorized sequences generated: 0
16:35:44.720 [main] INFO se.uu.it.smbugfinder.StateMachineBugFinderCore -- Categorizing bug patterns (0): []
16:35:44.720 [main] INFO se.uu.it.smbugfinder.StateMachineBugFinderCore -- Checking bug pattern TransportLayerBug
16:35:44.722 [main] INFO se.uu.it.smbugfinder.StateMachineBugFinderCore -- Sequences generated: 0
16:35:44.722 [main] INFO se.uu.it.smbugfinder.StateMachineBugFinderCore -- Uncategorized sequences generated: 0
16:35:44.722 [main] INFO se.uu.it.smbugfinder.StateMachineBugFinderCore -- Categorizing bug patterns (0): []
]]></system-out>
  </testcase>
  <testcase name="testBitViseServer" classname="se.uu.it.smbugfinder.bugfinding.SshBugFindingTest" time="0.093">
    <system-out><![CDATA[16:35:44.724 [main] INFO se.uu.it.smbugfinder.pattern.BugPatternLoader -- Loading bug patterns
16:35:44.725 [main] INFO se.uu.it.smbugfinder.pattern.BugPatternLoader -- Loading DFA at path: early_service_accept.dot
16:35:44.726 [main] INFO se.uu.it.smbugfinder.pattern.BugPatternLoader -- Loading DFA at path: unauthenticated_client.dot
16:35:44.726 [main] INFO se.uu.it.smbugfinder.pattern.BugPatternLoader -- Loading DFA at path: rekey_fail_before_auth.dot
16:35:44.726 [main] INFO se.uu.it.smbugfinder.pattern.BugPatternLoader -- Loading DFA at path: rekey_fail_after_auth.dot
16:35:44.727 [main] INFO se.uu.it.smbugfinder.pattern.BugPatternLoader -- Loading DFA at path: continue_after_disconnect.dot
16:35:44.727 [main] INFO se.uu.it.smbugfinder.pattern.BugPatternLoader -- Loading DFA at path: invalid_response_before_newkeys.dot
16:35:44.727 [main] INFO se.uu.it.smbugfinder.pattern.BugPatternLoader -- Loading DFA at path: invalid_sr_auth_response.dot
16:35:44.728 [main] INFO se.uu.it.smbugfinder.pattern.BugPatternLoader -- Loading DFA at path: invalid_auth_rejection_response.dot
16:35:44.728 [main] INFO se.uu.it.smbugfinder.pattern.BugPatternLoader -- Loading DFA at path: multiple_ua_success.dot
16:35:44.728 [main] INFO se.uu.it.smbugfinder.pattern.BugPatternLoader -- Loading DFA at path: unignored_auth_request_after_ua_success.dot
16:35:44.729 [main] INFO se.uu.it.smbugfinder.pattern.BugPatternLoader -- Loading DFA at path: invalid_ch_close_response.dot
16:35:44.729 [main] INFO se.uu.it.smbugfinder.pattern.BugPatternLoader -- Loading DFA at path: auth_fail_after_rekey.dot
16:35:44.729 [main] INFO se.uu.it.smbugfinder.pattern.BugPatternLoader -- Loading DFA at path: channel_open_fail_after_rekey.dot
16:35:44.730 [main] INFO se.uu.it.smbugfinder.pattern.BugPatternLoader -- Loading DFA at path: channel_request_terminal_fail_after_rekey.dot
16:35:44.731 [main] INFO se.uu.it.smbugfinder.pattern.BugPatternLoader -- Loading DFA at path: missing_newkeys.dot
16:35:44.731 [main] INFO se.uu.it.smbugfinder.pattern.BugPatternLoader -- Loading DFA at path: missing_ua_success.dot
16:35:44.731 [main] INFO se.uu.it.smbugfinder.pattern.BugPatternLoader -- Loading DFA at path: multiple_kexinit.dot
16:35:44.731 [main] INFO se.uu.it.smbugfinder.pattern.BugPatternLoader -- Loading DFA at path: missing_sr_auth.dot
16:35:44.732 [main] INFO se.uu.it.smbugfinder.pattern.BugPatternLoader -- Loading DFA at path: unresponsive_state.dot
16:35:44.732 [main] INFO se.uu.it.smbugfinder.pattern.BugPatternLoader -- Loading DFA at path: connection_layer_bug.dot
16:35:44.733 [main] INFO se.uu.it.smbugfinder.pattern.BugPatternLoader -- Loading DFA at path: transport_layer_bug.dot
16:35:44.734 [main] INFO se.uu.it.smbugfinder.pattern.BugPatternLoader -- Successfully loaded 21 bug patterns from catalogue /patterns/ssh/server/patterns.xml
16:35:44.745 [main] INFO se.uu.it.smbugfinder.StateMachineBugFinderCore -- Checking bug pattern EarlyServiceAccept
16:35:44.747 [main] INFO se.uu.it.smbugfinder.StateMachineBugFinderCore -- Checking bug pattern UnauthenticatedClient
16:35:44.750 [main] INFO se.uu.it.smbugfinder.StateMachineBugFinderCore -- Checking bug pattern RekeyFailBeforeAuth
16:35:44.752 [main] INFO se.uu.it.smbugfinder.StateMachineBugFinderCore -- Checking bug pattern RekeyFailAfterAuth
16:35:44.757 [main] INFO se.uu.it.smbugfinder.StateMachineBugFinderCore -- sutBugLanguage not empty, finding witness
16:35:44.758 [main] INFO se.uu.it.smbugfinder.StateMachineBugFinderCore -- Found witness Trace: KEXINIT/KEXINIT KEX30/KEX31+NEWKEYS NEWKEYS/NO_RESP SR_AUTH/SR_ACCEPT KEXINIT/KEXINIT KEX30/KEX31+NEWKEYS UA_PK_OK/UA_SUCCESS KEXINIT/DISCONNECT 
16:35:44.758 [main] INFO se.uu.it.smbugfinder.StateMachineBugFinderCore -- Checking bug pattern ContinueAfterDisconnect
16:35:44.760 [main] INFO se.uu.it.smbugfinder.StateMachineBugFinderCore -- Checking bug pattern InvalidResponseBeforeNEWKEYS
16:35:44.763 [main] INFO se.uu.it.smbugfinder.StateMachineBugFinderCore -- Checking bug pattern InvalidSR_AUTHResponse
16:35:44.766 [main] INFO se.uu.it.smbugfinder.StateMachineBugFinderCore -- sutBugLanguage not empty, finding witness
16:35:44.768 [main] INFO se.uu.it.smbugfinder.StateMachineBugFinderCore -- Found witness Trace: KEXINIT/KEXINIT NEWKEYS/NO_RESP SR_AUTH/NO_RESP SR_CONN/NO_RESP 
16:35:44.768 [main] INFO se.uu.it.smbugfinder.StateMachineBugFinderCore -- Checking bug pattern InvalidAuthenticationRejectionResponse
16:35:44.771 [main] INFO se.uu.it.smbugfinder.StateMachineBugFinderCore -- Checking bug pattern MultipleUA_SUCCESS
16:35:44.773 [main] INFO se.uu.it.smbugfinder.StateMachineBugFinderCore -- Checking bug pattern UnignoredAuthenticationRequestAfterUA_SUCCESS
16:35:44.778 [main] INFO se.uu.it.smbugfinder.StateMachineBugFinderCore -- sutBugLanguage not empty, finding witness
16:35:44.780 [main] INFO se.uu.it.smbugfinder.StateMachineBugFinderCore -- Found witness Trace: KEXINIT/KEXINIT KEX30/KEX31+NEWKEYS NEWKEYS/NO_RESP SR_AUTH/SR_ACCEPT UA_PK_OK/UA_SUCCESS UA_PK_OK/UNIMPL 
16:35:44.780 [main] INFO se.uu.it.smbugfinder.StateMachineBugFinderCore -- Checking bug pattern InvalidCH_CLOSEResponse
16:35:44.783 [main] INFO se.uu.it.smbugfinder.StateMachineBugFinderCore -- Checking bug pattern AuthFailAfterRekey
16:35:44.783 [main] INFO se.uu.it.smbugfinder.StateMachineBugFinderCore -- The bug pattern Auth Fail After Rekey is an empty language when considering only the input/output labels from the SUT model. 
16:35:44.783 [main] INFO se.uu.it.smbugfinder.StateMachineBugFinderCore -- Checking bug pattern ChannelOpenFailAfterRekey
16:35:44.786 [main] INFO se.uu.it.smbugfinder.StateMachineBugFinderCore -- Checking bug pattern ChannelRequestTerminalFailAfterRekey
16:35:44.789 [main] INFO se.uu.it.smbugfinder.StateMachineBugFinderCore -- Checking bug pattern MissingNEWKEYS
16:35:44.793 [main] INFO se.uu.it.smbugfinder.StateMachineBugFinderCore -- sutBugLanguage not empty, finding witness
16:35:44.796 [main] INFO se.uu.it.smbugfinder.StateMachineBugFinderCore -- Found witness Trace: KEXINIT/KEXINIT KEX30/KEX31+NEWKEYS NEWKEYS/NO_RESP SR_AUTH/SR_ACCEPT KEXINIT/KEXINIT KEX30/KEX31+NEWKEYS UA_PK_OK/UA_SUCCESS 
16:35:44.796 [main] INFO se.uu.it.smbugfinder.StateMachineBugFinderCore -- Checking bug pattern MissingUA_SUCCESS
16:35:44.799 [main] INFO se.uu.it.smbugfinder.StateMachineBugFinderCore -- Checking bug pattern MultipleKEXINIT
16:35:44.800 [main] INFO se.uu.it.smbugfinder.StateMachineBugFinderCore -- Checking bug pattern MissingSR_AUTH
16:35:44.802 [main] INFO se.uu.it.smbugfinder.StateMachineBugFinderCore -- Checking bug pattern UnresponsiveState
16:35:44.806 [main] INFO se.uu.it.smbugfinder.StateMachineBugFinderCore -- sutBugLanguage not empty, finding witness
16:35:44.808 [main] INFO se.uu.it.smbugfinder.StateMachineBugFinderCore -- Found witness Trace: KEXINIT/KEXINIT NEWKEYS/NO_RESP KEXINIT/NO_RESP SR_CONN/NO_RESP KEXINIT/NO_RESP SR_CONN/NO_RESP 
16:35:44.808 [main] INFO se.uu.it.smbugfinder.StateMachineBugFinderCore -- Checking bug pattern ConnectionLayerBug
16:35:44.812 [main] INFO se.uu.it.smbugfinder.StateMachineBugFinderCore -- Sequences generated: 0
16:35:44.812 [main] INFO se.uu.it.smbugfinder.StateMachineBugFinderCore -- Uncategorized sequences generated: 0
16:35:44.812 [main] INFO se.uu.it.smbugfinder.StateMachineBugFinderCore -- Categorizing bug patterns (0): []
16:35:44.812 [main] INFO se.uu.it.smbugfinder.StateMachineBugFinderCore -- Checking bug pattern TransportLayerBug
16:35:44.815 [main] INFO se.uu.it.smbugfinder.StateMachineBugFinderCore -- Sequences generated: 8
16:35:44.815 [main] INFO se.uu.it.smbugfinder.StateMachineBugFinderCore -- Uncategorized sequences generated: 8
16:35:44.815 [main] INFO se.uu.it.smbugfinder.StateMachineBugFinderCore -- Categorizing bug patterns (0): []
]]></system-out>
  </testcase>
</testsuite>