<?xml version="1.0" encoding="UTF-8"?>
<testsuite xmlns:xsi="http://www.w3.org/2001/XMLSchema-instance" xsi:noNamespaceSchemaLocation="https://maven.apache.org/surefire/maven-failsafe-plugin/xsd/failsafe-test-report.xsd" version="3.0.2" name="se.uu.it.smbugfinder.execution.SshCommandsExecIT" time="0.795" tests="6" errors="0" skipped="0" failures="0">
  <properties>
    <property name="java.specification.version" value="24"/>
    <property name="sun.jnu.encoding" value="UTF-8"/>
    <property name="java.class.path" value="/Users/lixiangdong/Downloads/state-machine-bug-finder/target/test-classes:/Users/lixiangdong/Downloads/state-machine-bug-finder/target/sm-bug-finder.jar:/Users/lixiangdong/.m2/repository/org/slf4j/slf4j-api/2.0.17/slf4j-api-2.0.17.jar:/Users/lixiangdong/.m2/repository/org/checkerframework/checker-qual/3.49.4/checker-qual-3.49.4.jar:/Users/lixiangdong/.m2/repository/jakarta/xml/bind/jakarta.xml.bind-api/4.0.2/jakarta.xml.bind-api-4.0.2.jar:/Users/lixiangdong/.m2/repository/jakarta/activation/jakarta.activation-api/2.1.3/jakarta.activation-api-2.1.3.jar:/Users/lixiangdong/.m2/repository/org/glassfish/jaxb/jaxb-runtime/4.0.5/jaxb-runtime-4.0.5.jar:/Users/lixiangdong/.m2/repository/org/glassfish/jaxb/jaxb-core/4.0.5/jaxb-core-4.0.5.jar:/Users/lixiangdong/.m2/repository/org/eclipse/angus/angus-activation/2.0.2/angus-activation-2.0.2.jar:/Users/lixiangdong/.m2/repository/org/glassfish/jaxb/txw2/4.0.5/txw2-4.0.5.jar:/Users/lixiangdong/.m2/repository/com/sun/istack/istack-commons-runtime/4.1.2/istack-commons-runtime-4.1.2.jar:/Users/lixiangdong/.m2/repository/ch/qos/logback/logback-core/1.5.18/logback-core-1.5.18.jar:/Users/lixiangdong/.m2/repository/ch/qos/logback/logback-classic/1.5.18/logback-classic-1.5.18.jar:/Users/lixiangdong/.m2/repository/org/apache/commons/commons-lang3/3.17.0/commons-lang3-3.17.0.jar:/Users/lixiangdong/.m2/repository/net/automatalib/automata-api/0.12.1/automata-api-0.12.1.jar:/Users/lixiangdong/.m2/repository/net/automatalib/automata-commons-settings/0.12.1/automata-commons-settings-0.12.1.jar:/Users/lixiangdong/.m2/repository/net/automatalib/automata-commons-smartcollections/0.12.1/automata-commons-smartcollections-0.12.1.jar:/Users/lixiangdong/.m2/repository/net/automatalib/automata-commons-util/0.12.1/automata-commons-util-0.12.1.jar:/Users/lixiangdong/.m2/repository/net/automatalib/automata-core/0.12.1/automata-core-0.12.1.jar:/Users/lixiangdong/.m2/repository/net/automatalib/automata-serialization-dot/0.12.1/automata-serialization-dot-0.12.1.jar:/Users/lixiangdong/.m2/repository/net/automatalib/automata-util/0.12.1/automata-util-0.12.1.jar:/Users/lixiangdong/.m2/repository/com/google/code/findbugs/jsr305/3.0.2/jsr305-3.0.2.jar:/Users/lixiangdong/.m2/repository/com/google/guava/guava/33.4.8-jre/guava-33.4.8-jre.jar:/Users/lixiangdong/.m2/repository/com/google/guava/failureaccess/1.0.3/failureaccess-1.0.3.jar:/Users/lixiangdong/.m2/repository/com/google/guava/listenablefuture/9999.0-empty-to-avoid-conflict-with-guava/listenablefuture-9999.0-empty-to-avoid-conflict-with-guava.jar:/Users/lixiangdong/.m2/repository/org/jspecify/jspecify/1.0.0/jspecify-1.0.0.jar:/Users/lixiangdong/.m2/repository/com/google/errorprone/error_prone_annotations/2.36.0/error_prone_annotations-2.36.0.jar:/Users/lixiangdong/.m2/repository/com/google/j2objc/j2objc-annotations/3.0.0/j2objc-annotations-3.0.0.jar:/Users/lixiangdong/.m2/repository/com/beust/jcommander/1.82/jcommander-1.82.jar:/Users/lixiangdong/.m2/repository/junit/junit/4.13.2/junit-4.13.2.jar:/Users/lixiangdong/.m2/repository/org/hamcrest/hamcrest-core/1.3/hamcrest-core-1.3.jar:/Users/lixiangdong/.m2/repository/org/projectlombok/lombok/1.18.38/lombok-1.18.38.jar:"/>
    <property name="java.vm.vendor" value="Homebrew"/>
    <property name="sun.arch.data.model" value="64"/>
    <property name="java.vendor.url" value="https://github.com/Homebrew/homebrew-core/issues"/>
    <property name="user.timezone" value="Asia/Shanghai"/>
    <property name="os.name" value="Mac OS X"/>
    <property name="java.vm.specification.version" value="24"/>
    <property name="sun.java.launcher" value="SUN_STANDARD"/>
    <property name="user.country" value="CN"/>
    <property name="sun.boot.library.path" value="/opt/homebrew/Cellar/openjdk/24.0.1/libexec/openjdk.jdk/Contents/Home/lib"/>
    <property name="sun.java.command" value="/Users/lixiangdong/Downloads/state-machine-bug-finder/target/surefire/surefirebooter-20250610163545419_3.jar /Users/lixiangdong/Downloads/state-machine-bug-finder/target/surefire 2025-06-10T16-35-45_403-jvmRun1 surefire-20250610163545419_1tmp surefire_0-20250610163545419_2tmp"/>
    <property name="jdk.debug" value="release"/>
    <property name="surefire.test.class.path" value="/Users/lixiangdong/Downloads/state-machine-bug-finder/target/test-classes:/Users/lixiangdong/Downloads/state-machine-bug-finder/target/sm-bug-finder.jar:/Users/lixiangdong/.m2/repository/org/slf4j/slf4j-api/2.0.17/slf4j-api-2.0.17.jar:/Users/lixiangdong/.m2/repository/org/checkerframework/checker-qual/3.49.4/checker-qual-3.49.4.jar:/Users/lixiangdong/.m2/repository/jakarta/xml/bind/jakarta.xml.bind-api/4.0.2/jakarta.xml.bind-api-4.0.2.jar:/Users/lixiangdong/.m2/repository/jakarta/activation/jakarta.activation-api/2.1.3/jakarta.activation-api-2.1.3.jar:/Users/lixiangdong/.m2/repository/org/glassfish/jaxb/jaxb-runtime/4.0.5/jaxb-runtime-4.0.5.jar:/Users/lixiangdong/.m2/repository/org/glassfish/jaxb/jaxb-core/4.0.5/jaxb-core-4.0.5.jar:/Users/lixiangdong/.m2/repository/org/eclipse/angus/angus-activation/2.0.2/angus-activation-2.0.2.jar:/Users/lixiangdong/.m2/repository/org/glassfish/jaxb/txw2/4.0.5/txw2-4.0.5.jar:/Users/lixiangdong/.m2/repository/com/sun/istack/istack-commons-runtime/4.1.2/istack-commons-runtime-4.1.2.jar:/Users/lixiangdong/.m2/repository/ch/qos/logback/logback-core/1.5.18/logback-core-1.5.18.jar:/Users/lixiangdong/.m2/repository/ch/qos/logback/logback-classic/1.5.18/logback-classic-1.5.18.jar:/Users/lixiangdong/.m2/repository/org/apache/commons/commons-lang3/3.17.0/commons-lang3-3.17.0.jar:/Users/lixiangdong/.m2/repository/net/automatalib/automata-api/0.12.1/automata-api-0.12.1.jar:/Users/lixiangdong/.m2/repository/net/automatalib/automata-commons-settings/0.12.1/automata-commons-settings-0.12.1.jar:/Users/lixiangdong/.m2/repository/net/automatalib/automata-commons-smartcollections/0.12.1/automata-commons-smartcollections-0.12.1.jar:/Users/lixiangdong/.m2/repository/net/automatalib/automata-commons-util/0.12.1/automata-commons-util-0.12.1.jar:/Users/lixiangdong/.m2/repository/net/automatalib/automata-core/0.12.1/automata-core-0.12.1.jar:/Users/lixiangdong/.m2/repository/net/automatalib/automata-serialization-dot/0.12.1/automata-serialization-dot-0.12.1.jar:/Users/lixiangdong/.m2/repository/net/automatalib/automata-util/0.12.1/automata-util-0.12.1.jar:/Users/lixiangdong/.m2/repository/com/google/code/findbugs/jsr305/3.0.2/jsr305-3.0.2.jar:/Users/lixiangdong/.m2/repository/com/google/guava/guava/33.4.8-jre/guava-33.4.8-jre.jar:/Users/lixiangdong/.m2/repository/com/google/guava/failureaccess/1.0.3/failureaccess-1.0.3.jar:/Users/lixiangdong/.m2/repository/com/google/guava/listenablefuture/9999.0-empty-to-avoid-conflict-with-guava/listenablefuture-9999.0-empty-to-avoid-conflict-with-guava.jar:/Users/lixiangdong/.m2/repository/org/jspecify/jspecify/1.0.0/jspecify-1.0.0.jar:/Users/lixiangdong/.m2/repository/com/google/errorprone/error_prone_annotations/2.36.0/error_prone_annotations-2.36.0.jar:/Users/lixiangdong/.m2/repository/com/google/j2objc/j2objc-annotations/3.0.0/j2objc-annotations-3.0.0.jar:/Users/lixiangdong/.m2/repository/com/beust/jcommander/1.82/jcommander-1.82.jar:/Users/lixiangdong/.m2/repository/junit/junit/4.13.2/junit-4.13.2.jar:/Users/lixiangdong/.m2/repository/org/hamcrest/hamcrest-core/1.3/hamcrest-core-1.3.jar:/Users/lixiangdong/.m2/repository/org/projectlombok/lombok/1.18.38/lombok-1.18.38.jar:"/>
    <property name="sun.cpu.endian" value="little"/>
    <property name="user.home" value="/Users/lixiangdong"/>
    <property name="user.language" value="zh"/>
    <property name="java.specification.vendor" value="Oracle Corporation"/>
    <property name="java.version.date" value="2025-04-15"/>
    <property name="java.home" value="/opt/homebrew/Cellar/openjdk/24.0.1/libexec/openjdk.jdk/Contents/Home"/>
    <property name="file.separator" value="/"/>
    <property name="basedir" value="/Users/lixiangdong/Downloads/state-machine-bug-finder"/>
    <property name="java.vm.compressedOopsMode" value="Zero based"/>
    <property name="line.separator" value="&#10;"/>
    <property name="java.vm.specification.vendor" value="Oracle Corporation"/>
    <property name="java.specification.name" value="Java Platform API Specification"/>
    <property name="apple.awt.application.name" value="ForkedBooter"/>
    <property name="surefire.real.class.path" value="/Users/lixiangdong/Downloads/state-machine-bug-finder/target/surefire/surefirebooter-20250610163545419_3.jar"/>
    <property name="user.script" value="Hans"/>
    <property name="sun.management.compiler" value="HotSpot 64-Bit Tiered Compilers"/>
    <property name="java.runtime.version" value="24.0.1"/>
    <property name="user.name" value="lixiangdong"/>
    <property name="stdout.encoding" value="UTF-8"/>
    <property name="path.separator" value=":"/>
    <property name="os.version" value="15.5"/>
    <property name="java.runtime.name" value="OpenJDK Runtime Environment"/>
    <property name="file.encoding" value="UTF-8"/>
    <property name="java.vm.name" value="OpenJDK 64-Bit Server VM"/>
    <property name="java.vendor.version" value="Homebrew"/>
    <property name="localRepository" value="/Users/lixiangdong/.m2/repository"/>
    <property name="java.vendor.url.bug" value="https://github.com/Homebrew/homebrew-core/issues"/>
    <property name="java.io.tmpdir" value="/var/folders/03/9bq21pqx3b38w226cd8k45hc0000gn/T/"/>
    <property name="java.version" value="24.0.1"/>
    <property name="user.dir" value="/Users/lixiangdong/Downloads/state-machine-bug-finder"/>
    <property name="os.arch" value="aarch64"/>
    <property name="java.vm.specification.name" value="Java Virtual Machine Specification"/>
    <property name="native.encoding" value="UTF-8"/>
    <property name="java.library.path" value="/Users/lixiangdong/Library/Java/Extensions:/Library/Java/Extensions:/Network/Library/Java/Extensions:/System/Library/Java/Extensions:/usr/lib/java:."/>
    <property name="java.vm.info" value="mixed mode, sharing"/>
    <property name="stderr.encoding" value="UTF-8"/>
    <property name="java.vendor" value="Homebrew"/>
    <property name="java.vm.version" value="24.0.1"/>
    <property name="sun.io.unicode.encoding" value="UnicodeBig"/>
    <property name="java.class.version" value="68.0"/>
  </properties>
  <testcase name="testBitViseServers" classname="se.uu.it.smbugfinder.execution.SshCommandsExecIT" time="0.362"/>
  <testcase name="testOpenSSHServer6_9" classname="se.uu.it.smbugfinder.execution.SshCommandsExecIT" time="0.113"/>
  <testcase name="testOpenSSHServer8_2" classname="se.uu.it.smbugfinder.execution.SshCommandsExecIT" time="0.104"/>
  <testcase name="testOpenSSHServer8_8" classname="se.uu.it.smbugfinder.execution.SshCommandsExecIT" time="0.106"/>
  <testcase name="testDropbearServer2014_65" classname="se.uu.it.smbugfinder.execution.SshCommandsExecIT" time="0.06"/>
  <testcase name="testDropbearServer2020_81" classname="se.uu.it.smbugfinder.execution.SshCommandsExecIT" time="0.05"/>
</testsuite>